\BOOKMARK [0][-]{chapter.1}{\376\377\000R\000e\000p\000r\000e\000s\000e\000n\000t\000a\000c\000i\000\363\000\040\000d\000e\000\040\000c\000a\000m\000p\000s}{}% 1
\BOOKMARK [1][-]{section.1.1}{\376\377\000I\000n\000t\000r\000o\000d\000u\000c\000c\000i\000\363\000\040\000i\000\040\000f\000o\000n\000a\000m\000e\000n\000t\000\040\000t\000e\000\362\000r\000i\000c}{chapter.1}% 2
\BOOKMARK [1][-]{section.1.2}{\376\377\000M\000e\000t\000o\000d\000o\000l\000o\000g\000i\000a\000\040\000e\000x\000p\000e\000r\000i\000m\000e\000n\000t\000a\000l}{chapter.1}% 3
\BOOKMARK [2][-]{subsection.1.2.1}{\376\377\000R\000e\000p\000r\000e\000s\000e\000n\000t\000a\000c\000i\000\363\000\040\000d\000e\000\040\000c\000o\000r\000b\000e\000s\000\040\000e\000q\000u\000i\000p\000o\000t\000e\000n\000c\000i\000a\000l\000s}{section.1.2}% 4
\BOOKMARK [2][-]{subsection.1.2.2}{\376\377\000C\000\340\000l\000c\000u\000l\000\040\000d\000e\000\040\000l\000a\000\040\000c\000a\000p\000a\000c\000i\000t\000a\000t\000\040\000d\000e\000l\000\040\000c\000o\000n\000d\000e\000n\000s\000a\000d\000o\000r}{section.1.2}% 5
\BOOKMARK [2][-]{subsection.1.2.3}{\376\377\000D\000i\000s\000t\000r\000i\000b\000u\000c\000i\000\363\000\040\000e\000x\000t\000r\000a\000.\000\040\000M\000o\000t\000i\000v\000a\000c\000i\000\363}{section.1.2}% 6
\BOOKMARK [2][-]{subsection.1.2.4}{\376\377\000S\000i\000m\000u\000l\000a\000c\000i\000o\000n\000s}{section.1.2}% 7
\BOOKMARK [1][-]{section.1.3}{\376\377\000R\000e\000s\000u\000l\000t\000a\000t\000s\000\040\000i\000\040\000d\000i\000s\000c\000u\000s\000s\000i\000\363}{chapter.1}% 8
\BOOKMARK [2][-]{subsection.1.3.1}{\376\377\000C\000o\000n\000d\000e\000n\000s\000a\000d\000o\000r\000\040\000d\000e\000\040\000p\000l\000a\000q\000u\000e\000s\000\040\000p\000l\000a\000n\000o\000p\000a\000r\000a\000l\000\267\000l\000e\000l\000e\000s}{section.1.3}% 9
\BOOKMARK [2][-]{subsection.1.3.2}{\376\377\000F\000i\000l\000s\000\040\000i\000n\000f\000i\000n\000i\000t\000s}{section.1.3}% 10
\BOOKMARK [2][-]{subsection.1.3.3}{\376\377\000F\000i\000l\000\040\000i\000n\000f\000i\000n\000i\000t\000\040\000i\000\040\000d\000o\000s\000\040\000p\000l\000a\000n\000s}{section.1.3}% 11
\BOOKMARK [1][-]{section.1.4}{\376\377\000C\000o\000n\000c\000l\000u\000s\000i\000o\000n\000s}{chapter.1}% 12
\BOOKMARK [0][-]{chapter.2}{\376\377\000F\000o\000r\000\347\000a\000\040\000e\000n\000t\000r\000e\000\040\000c\000o\000r\000r\000e\000n\000t\000s}{}% 13
\BOOKMARK [1][-]{section.2.1}{\376\377\000I\000n\000t\000r\000o\000d\000u\000c\000c\000i\000\363\000\040\000i\000\040\000f\000o\000n\000a\000m\000e\000n\000t\000\040\000t\000e\000\362\000r\000i\000c}{chapter.2}% 14
\BOOKMARK [1][-]{section.2.2}{\376\377\000M\000e\000t\000o\000d\000o\000l\000o\000g\000i\000a\000\040\000e\000x\000p\000e\000r\000i\000m\000e\000n\000t\000a\000l}{chapter.2}% 15
\BOOKMARK [2][-]{subsection.2.2.1}{\376\377\000E\000q\000u\000i\000l\000i\000b\000r\000a\000t\000\040\000d\000e\000\040\000l\000a\000\040\000b\000a\000l\000a\000n\000\347\000a}{section.2.2}% 16
\BOOKMARK [2][-]{subsection.2.2.2}{\376\377\000F\000o\000r\000\347\000a\000\040\000v\000s\000.\000\040\000c\000o\000r\000r\000e\000n\000t}{section.2.2}% 17
\BOOKMARK [2][-]{subsection.2.2.3}{\376\377\000F\000o\000r\000\347\000a\000\040\000v\000s\000.\000\040\000s\000e\000p\000a\000r\000a\000c\000i\000\363}{section.2.2}% 18
\BOOKMARK [2][-]{subsection.2.2.4}{\376\377\000M\000e\000s\000u\000r\000a\000\040\000d\000e\000l\000\040\000c\000a\000m\000p\000\040\000m\000a\000g\000n\000\350\000t\000i\000c\000\040\000t\000e\000r\000r\000e\000s\000t\000r\000e}{section.2.2}% 19
\BOOKMARK [1][-]{section.2.3}{\376\377\000R\000e\000s\000u\000l\000t\000a\000t\000s\000\040\000i\000\040\000d\000i\000s\000c\000u\000s\000s\000i\000\363}{chapter.2}% 20
\BOOKMARK [2][-]{subsection.2.3.1}{\376\377\000V\000a\000l\000o\000r\000\040\000e\000x\000p\000e\000r\000i\000m\000e\000n\000t\000a\000l\000\040\000d\000e\000\040\000l\000a\000\040\000p\000e\000r\000m\000e\000a\000b\000i\000l\000i\000t\000a\000t\000\040\000m\000a\000g\000n\000\350\000t\000i\000c\000a}{section.2.3}% 21
\BOOKMARK [2][-]{subsection.2.3.2}{\376\377\000C\000a\000m\000p\000\040\000m\000a\000g\000n\000\350\000t\000i\000c\000\040\000t\000e\000r\000r\000e\000s\000t\000r\000e}{section.2.3}% 22
\BOOKMARK [1][-]{section.2.4}{\376\377\000C\000o\000n\000c\000l\000u\000s\000i\000o\000n\000s}{chapter.2}% 23
\BOOKMARK [0][-]{chapter.3}{\376\377\000C\000i\000r\000c\000u\000i\000t\000\040\000R\000L\000C\000\040\000e\000n\000\040\000s\000\350\000r\000i\000e}{}% 24
\BOOKMARK [1][-]{section.3.1}{\376\377\000I\000n\000t\000r\000o\000d\000u\000c\000c\000i\000\363\000\040\000i\000\040\000f\000o\000n\000a\000m\000e\000n\000t\000\040\000t\000e\000\362\000r\000i\000c}{chapter.3}% 25
\BOOKMARK [2][-]{subsection.3.1.1}{\376\377\000E\000x\000p\000l\000i\000c\000a\000c\000i\000\363\000\040\000q\000u\000a\000l\000i\000t\000a\000t\000i\000v\000a}{section.3.1}% 26
\BOOKMARK [2][-]{subsection.3.1.2}{\376\377\000E\000q\000u\000a\000c\000i\000\363\000\040\000g\000e\000n\000e\000r\000a\000l\000\040\000d\000e\000l\000\040\000c\000i\000r\000c\000u\000i\000t\000\040\000R\000L\000C}{section.3.1}% 27
\BOOKMARK [2][-]{subsection.3.1.3}{\376\377\000R\000\350\000g\000i\000m\000\040\000p\000e\000r\000m\000a\000n\000e\000n\000t}{section.3.1}% 28
\BOOKMARK [2][-]{subsection.3.1.4}{\376\377\000R\000\350\000g\000i\000m\000\040\000t\000r\000a\000n\000s\000i\000t\000o\000r\000i}{section.3.1}% 29
\BOOKMARK [2][-]{subsection.3.1.5}{\376\377\000D\000e\000s\000f\000a\000s\000a\000m\000e\000n\000t\000\040\000e\000n\000t\000r\000e\000\040\000v\000o\000l\000t\000a\000t\000g\000e\000s}{section.3.1}% 30
\BOOKMARK [2][-]{subsection.3.1.6}{\376\377\000F\000r\000e\000q\000\374\000\350\000n\000c\000i\000e\000s\000\040\000d\000e\000\040\000t\000a\000l\000l\000\040\000i\000\040\000a\000m\000p\000l\000a\000d\000a\000\040\000d\000e\000\040\000b\000a\000n\000d\000a}{section.3.1}% 31
\BOOKMARK [1][-]{section.3.2}{\376\377\000M\000e\000t\000o\000d\000o\000l\000o\000g\000i\000a\000\040\000e\000x\000p\000e\000r\000i\000m\000e\000n\000t\000a\000l}{chapter.3}% 32
\BOOKMARK [2][-]{subsection.3.2.1}{\376\377\000E\000s\000t\000u\000d\000i\000\040\000d\000e\000l\000\040\000r\000\350\000g\000i\000m\000\040\000p\000e\000r\000m\000a\000n\000e\000n\000t}{section.3.2}% 33
\BOOKMARK [2][-]{subsection.3.2.2}{\376\377\000E\000s\000t\000u\000d\000i\000\040\000d\000e\000l\000\040\000r\000\350\000g\000i\000m\000\040\000t\000r\000a\000n\000s\000i\000t\000o\000r\000i}{section.3.2}% 34
\BOOKMARK [1][-]{section.3.3}{\376\377\000R\000e\000s\000u\000l\000t\000a\000t\000s\000\040\000i\000\040\000d\000i\000s\000c\000u\000s\000s\000i\000\363}{chapter.3}% 35
\BOOKMARK [2][-]{subsection.3.3.1}{\376\377\000R\000\350\000g\000i\000m\000\040\000p\000e\000r\000m\000a\000n\000e\000n\000t}{section.3.3}% 36
\BOOKMARK [2][-]{subsection.3.3.2}{\376\377\000R\000\350\000g\000i\000m\000\040\000t\000r\000a\000n\000s\000i\000t\000o\000r\000i}{section.3.3}% 37
\BOOKMARK [2][-]{subsection.3.3.3}{\376\377\000C\000o\000n\000s\000t\000a\000n\000t\000\040\000d\000'\000e\000s\000m\000o\000r\000t\000e\000\357\000m\000e\000n\000t\000\040\000d\000e\000l\000\040\000c\000i\000r\000c\000u\000i\000t}{section.3.3}% 38
\BOOKMARK [1][-]{section.3.4}{\376\377\000C\000o\000n\000c\000l\000u\000s\000i\000o\000n\000s}{chapter.3}% 39
\BOOKMARK [0][-]{chapter.4}{\376\377\000I\000n\000d\000u\000c\000t\000\340\000n\000c\000i\000a\000\040\000m\000\372\000t\000u\000a\000\040\000i\000\040\000t\000r\000a\000n\000s\000f\000o\000r\000m\000a\000d\000o\000r\000s}{}% 40
\BOOKMARK [1][-]{section.4.1}{\376\377\000I\000n\000t\000r\000o\000d\000u\000c\000c\000i\000\363\000\040\000i\000\040\000f\000o\000n\000a\000m\000e\000n\000t\000\040\000t\000e\000\362\000r\000i\000c}{chapter.4}% 41
\BOOKMARK [2][-]{subsection.4.1.1}{\376\377\000D\000e\000s\000c\000r\000i\000p\000c\000i\000\363\000\040\000d\000'\000u\000n\000\040\000t\000r\000a\000n\000s\000f\000o\000r\000m\000a\000d\000o\000r}{section.4.1}% 42
\BOOKMARK [2][-]{subsection.4.1.2}{\376\377\000E\000s\000t\000u\000d\000i\000\040\000d\000'\000u\000n\000\040\000t\000r\000a\000n\000s\000f\000o\000r\000m\000a\000d\000o\000r\000\040\000c\000o\000m\000\040\000a\000\040\000c\000i\000r\000c\000u\000i\000t}{section.4.1}% 43
\BOOKMARK [1][-]{section.4.2}{\376\377\000M\000e\000t\000o\000d\000o\000l\000o\000g\000i\000a\000\040\000e\000x\000p\000e\000r\000i\000m\000e\000n\000t\000a\000l}{chapter.4}% 44
\BOOKMARK [2][-]{subsection.4.2.1}{\376\377\000E\000s\000t\000u\000d\000i\000\040\000d\000e\000\040\000l\000e\000s\000\040\000v\000a\000r\000i\000a\000b\000l\000e\000s\000\040\000d\000'\000u\000n\000\040\000t\000r\000a\000n\000s\000f\000o\000r\000m\000a\000d\000o\000r}{section.4.2}% 45
\BOOKMARK [2][-]{subsection.4.2.2}{\376\377\000E\000s\000t\000u\000d\000i\000\040\000d\000e\000\040\000l\000e\000s\000\040\000i\000n\000t\000e\000n\000s\000i\000t\000a\000t\000s\000\040\000i\000\040\000e\000l\000s\000\040\000v\000o\000l\000t\000a\000t\000g\000e\000s\000\040\000d\000'\000e\000n\000t\000r\000a\000d\000a\000\040\000i\000\040\000d\000e\000\040\000s\000o\000r\000t\000i\000d\000a}{section.4.2}% 46
\BOOKMARK [1][-]{section.4.3}{\376\377\000R\000e\000s\000u\000l\000t\000a\000t\000s\000\040\000i\000\040\000d\000i\000s\000c\000u\000s\000s\000i\000\363}{chapter.4}% 47
\BOOKMARK [2][-]{subsection.4.3.1}{\376\377\000E\000s\000t\000u\000d\000i\000\040\000d\000e\000\040\000l\000e\000s\000\040\000v\000a\000r\000i\000a\000b\000l\000e\000s\000\040\000d\000'\000u\000n\000\040\000t\000r\000a\000n\000s\000f\000o\000r\000m\000a\000d\000o\000r}{section.4.3}% 48
\BOOKMARK [2][-]{subsection.4.3.2}{\376\377\000E\000s\000t\000u\000d\000i\000\040\000d\000e\000\040\000l\000e\000s\000\040\000i\000n\000t\000e\000n\000s\000i\000t\000a\000t\000s\000\040\000i\000\040\000v\000o\000l\000t\000a\000t\000g\000e\000s\000\040\000d\000'\000e\000n\000t\000r\000a\000d\000a\000\040\000i\000\040\000d\000e\000\040\000s\000o\000r\000t\000i\000d\000a}{section.4.3}% 49
\BOOKMARK [1][-]{section.4.4}{\376\377\000C\000o\000n\000c\000l\000u\000s\000i\000o\000n\000s}{chapter.4}% 50
\BOOKMARK [0][-]{chapter*.37}{\376\377\000B\000i\000b\000l\000i\000o\000g\000r\000a\000f\000i\000a}{}% 51
\BOOKMARK [0][-]{section*.38}{\376\377\000A\000n\000n\000e\000x\000o\000s}{}% 52
\BOOKMARK [1][-]{section.1..1}{\376\377\000C\000\340\000l\000c\000u\000l\000\040\000d\000'\000i\000n\000c\000e\000r\000t\000e\000s\000e\000s}{section*.38}% 53
\BOOKMARK [2][-]{subsection.1..1.1}{\376\377\000I\000n\000c\000e\000r\000t\000e\000s\000e\000s\000\040\000d\000e\000\040\000l\000a\000\040\000p\000r\000\340\000c\000t\000i\000c\000a\000\040\0001}{section.1..1}% 54
\BOOKMARK [2][-]{subsection.1..1.2}{\376\377\000I\000n\000c\000e\000r\000t\000e\000s\000e\000s\000\040\000d\000e\000\040\000l\000a\000\040\000p\000r\000\340\000c\000t\000i\000c\000a\000\040\0002}{section.1..1}% 55
\BOOKMARK [2][-]{subsection.1..1.3}{\376\377\000I\000n\000c\000e\000r\000t\000e\000s\000e\000s\000\040\000d\000e\000\040\000l\000a\000\040\000p\000r\000\340\000c\000t\000i\000c\000a\000\040\0003}{section.1..1}% 56
\BOOKMARK [2][-]{subsection.1..1.4}{\376\377\000I\000n\000c\000e\000r\000t\000e\000s\000e\000s\000\040\000d\000e\000\040\000l\000a\000\040\000p\000r\000\340\000c\000t\000i\000c\000a\000\040\0004}{section.1..1}% 57
\BOOKMARK [1][-]{section.1..2}{\376\377\000A\000n\000n\000e\000x\000\040\000p\000r\000\340\000c\000t\000i\000c\000a\000\040\0001\000.\000\040\000R\000e\000p\000r\000e\000s\000e\000n\000t\000a\000c\000i\000\363\000\040\000d\000e\000\040\000c\000a\000m\000p\000s}{section*.38}% 58
\BOOKMARK [2][-]{subsection.1..2.1}{\376\377\000D\000e\000d\000u\000c\000c\000i\000\363\000\040\000d\000e\000\040\000l\000'\000e\000q\000u\000a\000c\000i\000\363\000\040\000\050\0001\000.\0002\0002\000\051}{section.1..2}% 59
\BOOKMARK [2][-]{subsection.1..2.2}{\376\377\000E\000x\000p\000r\000e\000s\000s\000i\000\363\000\040\000a\000n\000a\000l\000\355\000t\000i\000c\000a\000\040\000d\000e\000\040\000l\000a\000\040\000d\000i\000s\000t\000r\000i\000b\000u\000c\000i\000\363\000\040\000d\000e\000\040\000d\000o\000s\000\040\000p\000l\000a\000n\000s\000\040\000s\000e\000c\000a\000n\000t\000s\000\040\000i\000\040\000u\000n\000\040\000f\000i\000l}{section.1..2}% 60
\BOOKMARK [2][-]{subsection.1..2.3}{\376\377\000D\000a\000d\000e\000s\000\040\000e\000x\000p\000e\000r\000i\000m\000e\000n\000t\000a\000l\000s\000\040\000d\000e\000\040\000l\000a\000\040\000p\000r\000\340\000c\000t\000i\000c\000a\000\040\0001}{section.1..2}% 61
\BOOKMARK [2][-]{subsection.1..2.4}{\376\377\000C\000o\000d\000i\000s\000\040\000d\000e\000\040\000l\000e\000s\000\040\000s\000i\000m\000u\000l\000a\000c\000i\000o\000n\000s\000\040\000d\000e\000\040\000l\000a\000\040\000p\000r\000\340\000c\000t\000i\000c\000a\000\040\0001}{section.1..2}% 62
\BOOKMARK [1][-]{section.1..3}{\376\377\000A\000n\000n\000e\000x\000\040\000p\000r\000\340\000c\000t\000i\000c\000a\000\040\0002\000.\000\040\000F\000o\000r\000\347\000a\000\040\000e\000n\000t\000r\000e\000\040\000c\000o\000r\000r\000e\000n\000t\000s}{section*.38}% 63
\BOOKMARK [2][-]{subsection.1..3.1}{\376\377\000D\000a\000d\000e\000s\000\040\000e\000x\000p\000e\000r\000i\000m\000e\000n\000t\000a\000l\000s\000\040\000d\000e\000\040\000l\000a\000\040\000p\000r\000\340\000c\000t\000i\000c\000a\000\040\0002}{section.1..3}% 64
