

*******************************************************************************
Thu Apr 17 23:04:21 2025


FIT:    data read from 'f_vs_i2.dat' using 1:3
        format = x:z
        #datapoints = 5
        residuals are weighted equally (unit weight)

function used for fitting: f(x)
	f(x) = m*x + b
fitted parameters initialized with current variable values

Warning: Initial value of parameter 'm' is zero.
Warning: Initial value of parameter 'b' is zero.
iter      chisq       delta/lim  lambda   m             b            
   0 1.3161922689e-07   0.00e+00  8.54e+00    1.000000e-30   1.000000e-30
   5 7.0973173132e-11  -2.45e-08  8.54e-05    1.018258e-05   4.501745e-05

After 5 iterations the fit converged.
final sum of squares of residuals : 7.09732e-11
rel. change during last iteration : -2.45298e-13

degrees of freedom    (FIT_NDF)                        : 3
rms of residuals      (FIT_STDFIT) = sqrt(WSSR/ndf)    : 4.86392e-06
variance of residuals (reduced chisquare) = WSSR/ndf   : 2.36577e-11

Final set of parameters            Asymptotic Standard Error
=======================            ==========================
m               = 1.01826e-05      +/- 3.308e-07    (3.249%)
b               = 4.50175e-05      +/- 3.984e-06    (8.849%)

correlation matrix of the fit parameters:
                m      b      
m               1.000 
b              -0.838  1.000 


*******************************************************************************
Thu Apr 17 23:04:55 2025


FIT:    data read from 'f_vs_i2.dat' using 1:3
        format = x:z
        #datapoints = 5
        residuals are weighted equally (unit weight)

function used for fitting: f(x)
	f(x) = m*x + b
fitted parameters initialized with current variable values

Warning: Initial value of parameter 'm' is zero.
Warning: Initial value of parameter 'b' is zero.
iter      chisq       delta/lim  lambda   m             b            
   0 1.3161922689e-07   0.00e+00  8.54e+00    1.000000e-30   1.000000e-30
   5 7.0973173132e-11  -2.45e-08  8.54e-05    1.018258e-05   4.501745e-05

After 5 iterations the fit converged.
final sum of squares of residuals : 7.09732e-11
rel. change during last iteration : -2.45298e-13

degrees of freedom    (FIT_NDF)                        : 3
rms of residuals      (FIT_STDFIT) = sqrt(WSSR/ndf)    : 4.86392e-06
variance of residuals (reduced chisquare) = WSSR/ndf   : 2.36577e-11

Final set of parameters            Asymptotic Standard Error
=======================            ==========================
m               = 1.01826e-05      +/- 3.308e-07    (3.249%)
b               = 4.50175e-05      +/- 3.984e-06    (8.849%)

correlation matrix of the fit parameters:
                m      b      
m               1.000 
b              -0.838  1.000 


*******************************************************************************
Thu Apr 17 23:05:44 2025


FIT:    data read from 'f_vs_i2.dat' using 1:3
        format = x:z
        #datapoints = 5
        residuals are weighted equally (unit weight)

function used for fitting: f(x)
	f(x) = m*x + b
fitted parameters initialized with current variable values

Warning: Initial value of parameter 'm' is zero.
Warning: Initial value of parameter 'b' is zero.
iter      chisq       delta/lim  lambda   m             b            
   0 1.3161922689e-07   0.00e+00  8.54e+00    1.000000e-30   1.000000e-30
   5 7.0973173132e-11  -2.45e-08  8.54e-05    1.018258e-05   4.501745e-05

After 5 iterations the fit converged.
final sum of squares of residuals : 7.09732e-11
rel. change during last iteration : -2.45298e-13

degrees of freedom    (FIT_NDF)                        : 3
rms of residuals      (FIT_STDFIT) = sqrt(WSSR/ndf)    : 4.86392e-06
variance of residuals (reduced chisquare) = WSSR/ndf   : 2.36577e-11

Final set of parameters            Asymptotic Standard Error
=======================            ==========================
m               = 1.01826e-05      +/- 3.308e-07    (3.249%)
b               = 4.50175e-05      +/- 3.984e-06    (8.849%)

correlation matrix of the fit parameters:
                m      b      
m               1.000 
b              -0.838  1.000 


*******************************************************************************
Thu Apr 17 23:05:53 2025


FIT:    data read from 'f_vs_i2.dat' using 1:3
        format = x:z
        #datapoints = 5
        residuals are weighted equally (unit weight)

function used for fitting: f(x)
	f(x) = m*x + b
fitted parameters initialized with current variable values

Warning: Initial value of parameter 'm' is zero.
Warning: Initial value of parameter 'b' is zero.
iter      chisq       delta/lim  lambda   m             b            
   0 1.3161922689e-07   0.00e+00  8.54e+00    1.000000e-30   1.000000e-30
   5 7.0973173132e-11  -2.45e-08  8.54e-05    1.018258e-05   4.501745e-05

After 5 iterations the fit converged.
final sum of squares of residuals : 7.09732e-11
rel. change during last iteration : -2.45298e-13

degrees of freedom    (FIT_NDF)                        : 3
rms of residuals      (FIT_STDFIT) = sqrt(WSSR/ndf)    : 4.86392e-06
variance of residuals (reduced chisquare) = WSSR/ndf   : 2.36577e-11

Final set of parameters            Asymptotic Standard Error
=======================            ==========================
m               = 1.01826e-05      +/- 3.308e-07    (3.249%)
b               = 4.50175e-05      +/- 3.984e-06    (8.849%)

correlation matrix of the fit parameters:
                m      b      
m               1.000 
b              -0.838  1.000 


*******************************************************************************
Thu Apr 17 23:06:03 2025


FIT:    data read from 'f_vs_i2.dat' using 1:3
        format = x:z
        #datapoints = 5
        residuals are weighted equally (unit weight)

function used for fitting: f(x)
	f(x) = m*x + b
fitted parameters initialized with current variable values

Warning: Initial value of parameter 'm' is zero.
Warning: Initial value of parameter 'b' is zero.
iter      chisq       delta/lim  lambda   m             b            
   0 1.3161922689e-07   0.00e+00  8.54e+00    1.000000e-30   1.000000e-30
   5 7.0973173132e-11  -2.45e-08  8.54e-05    1.018258e-05   4.501745e-05

After 5 iterations the fit converged.
final sum of squares of residuals : 7.09732e-11
rel. change during last iteration : -2.45298e-13

degrees of freedom    (FIT_NDF)                        : 3
rms of residuals      (FIT_STDFIT) = sqrt(WSSR/ndf)    : 4.86392e-06
variance of residuals (reduced chisquare) = WSSR/ndf   : 2.36577e-11

Final set of parameters            Asymptotic Standard Error
=======================            ==========================
m               = 1.01826e-05      +/- 3.308e-07    (3.249%)
b               = 4.50175e-05      +/- 3.984e-06    (8.849%)

correlation matrix of the fit parameters:
                m      b      
m               1.000 
b              -0.838  1.000 


*******************************************************************************
Thu Apr 17 23:07:12 2025


FIT:    data read from 'f_vs_i2.dat' using 1:3
        format = x:z
        #datapoints = 5
        residuals are weighted equally (unit weight)

function used for fitting: f(x)
	f(x) = m*x + b
fitted parameters initialized with current variable values

Warning: Initial value of parameter 'm' is zero.
Warning: Initial value of parameter 'b' is zero.
iter      chisq       delta/lim  lambda   m             b            
   0 1.3161922689e-07   0.00e+00  8.54e+00    1.000000e-30   1.000000e-30
   5 7.0973173132e-11  -2.45e-08  8.54e-05    1.018258e-05   4.501745e-05

After 5 iterations the fit converged.
final sum of squares of residuals : 7.09732e-11
rel. change during last iteration : -2.45298e-13

degrees of freedom    (FIT_NDF)                        : 3
rms of residuals      (FIT_STDFIT) = sqrt(WSSR/ndf)    : 4.86392e-06
variance of residuals (reduced chisquare) = WSSR/ndf   : 2.36577e-11

Final set of parameters            Asymptotic Standard Error
=======================            ==========================
m               = 1.01826e-05      +/- 3.308e-07    (3.249%)
b               = 4.50175e-05      +/- 3.984e-06    (8.849%)

correlation matrix of the fit parameters:
                m      b      
m               1.000 
b              -0.838  1.000 


*******************************************************************************
Thu Apr 17 23:13:18 2025


FIT:    data read from 'f_vs_i2.dat' using 1:3
        format = x:z
        #datapoints = 5
        residuals are weighted equally (unit weight)

function used for fitting: f(x)
	f(x) = m*x + b
fitted parameters initialized with current variable values

Warning: Initial value of parameter 'm' is zero.
Warning: Initial value of parameter 'b' is zero.
iter      chisq       delta/lim  lambda   m             b            
   0 1.3161922689e-07   0.00e+00  8.54e+00    1.000000e-30   1.000000e-30
   5 7.0973173132e-11  -2.45e-08  8.54e-05    1.018258e-05   4.501745e-05

After 5 iterations the fit converged.
final sum of squares of residuals : 7.09732e-11
rel. change during last iteration : -2.45298e-13

degrees of freedom    (FIT_NDF)                        : 3
rms of residuals      (FIT_STDFIT) = sqrt(WSSR/ndf)    : 4.86392e-06
variance of residuals (reduced chisquare) = WSSR/ndf   : 2.36577e-11

Final set of parameters            Asymptotic Standard Error
=======================            ==========================
m               = 1.01826e-05      +/- 3.308e-07    (3.249%)
b               = 4.50175e-05      +/- 3.984e-06    (8.849%)

correlation matrix of the fit parameters:
                m      b      
m               1.000 
b              -0.838  1.000 


*******************************************************************************
Thu Apr 17 23:13:43 2025


FIT:    data read from 'f_vs_i2.dat' using 1:3
        format = x:z
        #datapoints = 5
        residuals are weighted equally (unit weight)

function used for fitting: f(x)
	f(x) = m*x + b
fitted parameters initialized with current variable values

Warning: Initial value of parameter 'm' is zero.
Warning: Initial value of parameter 'b' is zero.
iter      chisq       delta/lim  lambda   m             b            
   0 1.3161922689e-07   0.00e+00  8.54e+00    1.000000e-30   1.000000e-30
   5 7.0973173132e-11  -2.45e-08  8.54e-05    1.018258e-05   4.501745e-05

After 5 iterations the fit converged.
final sum of squares of residuals : 7.09732e-11
rel. change during last iteration : -2.45298e-13

degrees of freedom    (FIT_NDF)                        : 3
rms of residuals      (FIT_STDFIT) = sqrt(WSSR/ndf)    : 4.86392e-06
variance of residuals (reduced chisquare) = WSSR/ndf   : 2.36577e-11

Final set of parameters            Asymptotic Standard Error
=======================            ==========================
m               = 1.01826e-05      +/- 3.308e-07    (3.249%)
b               = 4.50175e-05      +/- 3.984e-06    (8.849%)

correlation matrix of the fit parameters:
                m      b      
m               1.000 
b              -0.838  1.000 


*******************************************************************************
Thu Apr 17 23:14:02 2025


FIT:    data read from 'f_vs_i2.dat' using 1:3
        format = x:z
        #datapoints = 5
        residuals are weighted equally (unit weight)

function used for fitting: f(x)
	f(x) = m*x + b
fitted parameters initialized with current variable values

Warning: Initial value of parameter 'm' is zero.
Warning: Initial value of parameter 'b' is zero.
iter      chisq       delta/lim  lambda   m             b            
   0 1.3161922689e-07   0.00e+00  8.54e+00    1.000000e-30   1.000000e-30
   5 7.0973173132e-11  -2.45e-08  8.54e-05    1.018258e-05   4.501745e-05

After 5 iterations the fit converged.
final sum of squares of residuals : 7.09732e-11
rel. change during last iteration : -2.45298e-13

degrees of freedom    (FIT_NDF)                        : 3
rms of residuals      (FIT_STDFIT) = sqrt(WSSR/ndf)    : 4.86392e-06
variance of residuals (reduced chisquare) = WSSR/ndf   : 2.36577e-11

Final set of parameters            Asymptotic Standard Error
=======================            ==========================
m               = 1.01826e-05      +/- 3.308e-07    (3.249%)
b               = 4.50175e-05      +/- 3.984e-06    (8.849%)

correlation matrix of the fit parameters:
                m      b      
m               1.000 
b              -0.838  1.000 


*******************************************************************************
Thu Apr 17 23:14:32 2025


FIT:    data read from 'f_vs_i2.dat' using 1:3
        format = x:z
        #datapoints = 5
        residuals are weighted equally (unit weight)

function used for fitting: f(x)
	f(x) = m*x + b
fitted parameters initialized with current variable values

Warning: Initial value of parameter 'm' is zero.
Warning: Initial value of parameter 'b' is zero.
iter      chisq       delta/lim  lambda   m             b            
   0 1.3161922689e-07   0.00e+00  8.54e+00    1.000000e-30   1.000000e-30
   5 7.0973173132e-11  -2.45e-08  8.54e-05    1.018258e-05   4.501745e-05

After 5 iterations the fit converged.
final sum of squares of residuals : 7.09732e-11
rel. change during last iteration : -2.45298e-13

degrees of freedom    (FIT_NDF)                        : 3
rms of residuals      (FIT_STDFIT) = sqrt(WSSR/ndf)    : 4.86392e-06
variance of residuals (reduced chisquare) = WSSR/ndf   : 2.36577e-11

Final set of parameters            Asymptotic Standard Error
=======================            ==========================
m               = 1.01826e-05      +/- 3.308e-07    (3.249%)
b               = 4.50175e-05      +/- 3.984e-06    (8.849%)

correlation matrix of the fit parameters:
                m      b      
m               1.000 
b              -0.838  1.000 


*******************************************************************************
Thu Apr 17 23:15:09 2025


FIT:    data read from 'f_vs_i2.dat' using 1:3
        format = x:z
        #datapoints = 5
        residuals are weighted equally (unit weight)

function used for fitting: f(x)
	f(x) = m*x + b
fitted parameters initialized with current variable values

Warning: Initial value of parameter 'm' is zero.
Warning: Initial value of parameter 'b' is zero.
iter      chisq       delta/lim  lambda   m             b            
   0 1.3161922689e-07   0.00e+00  8.54e+00    1.000000e-30   1.000000e-30
   5 7.0973173132e-11  -2.45e-08  8.54e-05    1.018258e-05   4.501745e-05

After 5 iterations the fit converged.
final sum of squares of residuals : 7.09732e-11
rel. change during last iteration : -2.45298e-13

degrees of freedom    (FIT_NDF)                        : 3
rms of residuals      (FIT_STDFIT) = sqrt(WSSR/ndf)    : 4.86392e-06
variance of residuals (reduced chisquare) = WSSR/ndf   : 2.36577e-11

Final set of parameters            Asymptotic Standard Error
=======================            ==========================
m               = 1.01826e-05      +/- 3.308e-07    (3.249%)
b               = 4.50175e-05      +/- 3.984e-06    (8.849%)

correlation matrix of the fit parameters:
                m      b      
m               1.000 
b              -0.838  1.000 


*******************************************************************************
Thu Apr 17 23:15:18 2025


FIT:    data read from 'f_vs_i2.dat' using 1:3
        format = x:z
        #datapoints = 5
        residuals are weighted equally (unit weight)

function used for fitting: f(x)
	f(x) = m*x + b
fitted parameters initialized with current variable values

Warning: Initial value of parameter 'm' is zero.
Warning: Initial value of parameter 'b' is zero.
iter      chisq       delta/lim  lambda   m             b            
   0 1.3161922689e-07   0.00e+00  8.54e+00    1.000000e-30   1.000000e-30
   5 7.0973173132e-11  -2.45e-08  8.54e-05    1.018258e-05   4.501745e-05

After 5 iterations the fit converged.
final sum of squares of residuals : 7.09732e-11
rel. change during last iteration : -2.45298e-13

degrees of freedom    (FIT_NDF)                        : 3
rms of residuals      (FIT_STDFIT) = sqrt(WSSR/ndf)    : 4.86392e-06
variance of residuals (reduced chisquare) = WSSR/ndf   : 2.36577e-11

Final set of parameters            Asymptotic Standard Error
=======================            ==========================
m               = 1.01826e-05      +/- 3.308e-07    (3.249%)
b               = 4.50175e-05      +/- 3.984e-06    (8.849%)

correlation matrix of the fit parameters:
                m      b      
m               1.000 
b              -0.838  1.000 


*******************************************************************************
Thu Apr 17 23:15:24 2025


FIT:    data read from 'f_vs_i2.dat' using 1:3
        format = x:z
        #datapoints = 5
        residuals are weighted equally (unit weight)

function used for fitting: f(x)
	f(x) = m*x + b
fitted parameters initialized with current variable values

Warning: Initial value of parameter 'm' is zero.
Warning: Initial value of parameter 'b' is zero.
iter      chisq       delta/lim  lambda   m             b            
   0 1.3161922689e-07   0.00e+00  8.54e+00    1.000000e-30   1.000000e-30
   5 7.0973173132e-11  -2.45e-08  8.54e-05    1.018258e-05   4.501745e-05

After 5 iterations the fit converged.
final sum of squares of residuals : 7.09732e-11
rel. change during last iteration : -2.45298e-13

degrees of freedom    (FIT_NDF)                        : 3
rms of residuals      (FIT_STDFIT) = sqrt(WSSR/ndf)    : 4.86392e-06
variance of residuals (reduced chisquare) = WSSR/ndf   : 2.36577e-11

Final set of parameters            Asymptotic Standard Error
=======================            ==========================
m               = 1.01826e-05      +/- 3.308e-07    (3.249%)
b               = 4.50175e-05      +/- 3.984e-06    (8.849%)

correlation matrix of the fit parameters:
                m      b      
m               1.000 
b              -0.838  1.000 


*******************************************************************************
Thu Apr 17 23:23:01 2025


FIT:    data read from 'f_vs_i2.dat' using 1:3
        format = x:z
        #datapoints = 5
        residuals are weighted equally (unit weight)

function used for fitting: f(x)
	f(x) = m*x + b
fitted parameters initialized with current variable values

Warning: Initial value of parameter 'm' is zero.
Warning: Initial value of parameter 'b' is zero.
iter      chisq       delta/lim  lambda   m             b            
   0 1.3161922689e-07   0.00e+00  8.54e+00    1.000000e-30   1.000000e-30
   5 7.0973173132e-11  -2.45e-08  8.54e-05    1.018258e-05   4.501745e-05

After 5 iterations the fit converged.
final sum of squares of residuals : 7.09732e-11
rel. change during last iteration : -2.45298e-13

degrees of freedom    (FIT_NDF)                        : 3
rms of residuals      (FIT_STDFIT) = sqrt(WSSR/ndf)    : 4.86392e-06
variance of residuals (reduced chisquare) = WSSR/ndf   : 2.36577e-11

Final set of parameters            Asymptotic Standard Error
=======================            ==========================
m               = 1.01826e-05      +/- 3.308e-07    (3.249%)
b               = 4.50175e-05      +/- 3.984e-06    (8.849%)

correlation matrix of the fit parameters:
                m      b      
m               1.000 
b              -0.838  1.000 


*******************************************************************************
Thu Apr 17 23:24:53 2025


FIT:    data read from 'f_vs_i2.dat' using 1:3
        format = x:z
        #datapoints = 5
        residuals are weighted equally (unit weight)

function used for fitting: f(x)
	f(x) = m*x + b
fitted parameters initialized with current variable values

Warning: Initial value of parameter 'm' is zero.
Warning: Initial value of parameter 'b' is zero.
iter      chisq       delta/lim  lambda   m             b            
   0 1.3161922689e-07   0.00e+00  8.54e+00    1.000000e-30   1.000000e-30
   5 7.0973173132e-11  -2.45e-08  8.54e-05    1.018258e-05   4.501745e-05

After 5 iterations the fit converged.
final sum of squares of residuals : 7.09732e-11
rel. change during last iteration : -2.45298e-13

degrees of freedom    (FIT_NDF)                        : 3
rms of residuals      (FIT_STDFIT) = sqrt(WSSR/ndf)    : 4.86392e-06
variance of residuals (reduced chisquare) = WSSR/ndf   : 2.36577e-11

Final set of parameters            Asymptotic Standard Error
=======================            ==========================
m               = 1.01826e-05      +/- 3.308e-07    (3.249%)
b               = 4.50175e-05      +/- 3.984e-06    (8.849%)

correlation matrix of the fit parameters:
                m      b      
m               1.000 
b              -0.838  1.000 


*******************************************************************************
Thu Apr 17 23:25:02 2025


FIT:    data read from 'f_vs_i2.dat' using 1:3
        format = x:z
        #datapoints = 5
        residuals are weighted equally (unit weight)

function used for fitting: f(x)
	f(x) = m*x + b
fitted parameters initialized with current variable values

Warning: Initial value of parameter 'm' is zero.
Warning: Initial value of parameter 'b' is zero.
iter      chisq       delta/lim  lambda   m             b            
   0 1.3161922689e-07   0.00e+00  8.54e+00    1.000000e-30   1.000000e-30
   5 7.0973173132e-11  -2.45e-08  8.54e-05    1.018258e-05   4.501745e-05

After 5 iterations the fit converged.
final sum of squares of residuals : 7.09732e-11
rel. change during last iteration : -2.45298e-13

degrees of freedom    (FIT_NDF)                        : 3
rms of residuals      (FIT_STDFIT) = sqrt(WSSR/ndf)    : 4.86392e-06
variance of residuals (reduced chisquare) = WSSR/ndf   : 2.36577e-11

Final set of parameters            Asymptotic Standard Error
=======================            ==========================
m               = 1.01826e-05      +/- 3.308e-07    (3.249%)
b               = 4.50175e-05      +/- 3.984e-06    (8.849%)

correlation matrix of the fit parameters:
                m      b      
m               1.000 
b              -0.838  1.000 


*******************************************************************************
Thu Apr 17 23:25:18 2025


FIT:    data read from 'f_vs_i2.dat' using 1:3
        format = x:z
        #datapoints = 5
        residuals are weighted equally (unit weight)

function used for fitting: f(x)
	f(x) = m*x + b
fitted parameters initialized with current variable values

Warning: Initial value of parameter 'm' is zero.
Warning: Initial value of parameter 'b' is zero.
iter      chisq       delta/lim  lambda   m             b            
   0 1.3161922689e-07   0.00e+00  8.54e+00    1.000000e-30   1.000000e-30
   5 7.0973173132e-11  -2.45e-08  8.54e-05    1.018258e-05   4.501745e-05

After 5 iterations the fit converged.
final sum of squares of residuals : 7.09732e-11
rel. change during last iteration : -2.45298e-13

degrees of freedom    (FIT_NDF)                        : 3
rms of residuals      (FIT_STDFIT) = sqrt(WSSR/ndf)    : 4.86392e-06
variance of residuals (reduced chisquare) = WSSR/ndf   : 2.36577e-11

Final set of parameters            Asymptotic Standard Error
=======================            ==========================
m               = 1.01826e-05      +/- 3.308e-07    (3.249%)
b               = 4.50175e-05      +/- 3.984e-06    (8.849%)

correlation matrix of the fit parameters:
                m      b      
m               1.000 
b              -0.838  1.000 


*******************************************************************************
Thu Apr 17 23:25:46 2025


FIT:    data read from 'f_vs_i2.dat' using 1:3
        format = x:z
        #datapoints = 5
        residuals are weighted equally (unit weight)

function used for fitting: f(x)
	f(x) = m*x + b
fitted parameters initialized with current variable values

Warning: Initial value of parameter 'm' is zero.
Warning: Initial value of parameter 'b' is zero.
iter      chisq       delta/lim  lambda   m             b            
   0 1.3161922689e-07   0.00e+00  8.54e+00    1.000000e-30   1.000000e-30
   5 7.0973173132e-11  -2.45e-08  8.54e-05    1.018258e-05   4.501745e-05

After 5 iterations the fit converged.
final sum of squares of residuals : 7.09732e-11
rel. change during last iteration : -2.45298e-13

degrees of freedom    (FIT_NDF)                        : 3
rms of residuals      (FIT_STDFIT) = sqrt(WSSR/ndf)    : 4.86392e-06
variance of residuals (reduced chisquare) = WSSR/ndf   : 2.36577e-11

Final set of parameters            Asymptotic Standard Error
=======================            ==========================
m               = 1.01826e-05      +/- 3.308e-07    (3.249%)
b               = 4.50175e-05      +/- 3.984e-06    (8.849%)

correlation matrix of the fit parameters:
                m      b      
m               1.000 
b              -0.838  1.000 


*******************************************************************************
Thu Apr 17 23:26:06 2025


FIT:    data read from 'f_vs_i2.dat' using 1:3
        format = x:z
        #datapoints = 5
        residuals are weighted equally (unit weight)

function used for fitting: f(x)
	f(x) = m*x + b
fitted parameters initialized with current variable values

Warning: Initial value of parameter 'm' is zero.
Warning: Initial value of parameter 'b' is zero.
iter      chisq       delta/lim  lambda   m             b            
   0 1.3161922689e-07   0.00e+00  8.54e+00    1.000000e-30   1.000000e-30
   5 7.0973173132e-11  -2.45e-08  8.54e-05    1.018258e-05   4.501745e-05

After 5 iterations the fit converged.
final sum of squares of residuals : 7.09732e-11
rel. change during last iteration : -2.45298e-13

degrees of freedom    (FIT_NDF)                        : 3
rms of residuals      (FIT_STDFIT) = sqrt(WSSR/ndf)    : 4.86392e-06
variance of residuals (reduced chisquare) = WSSR/ndf   : 2.36577e-11

Final set of parameters            Asymptotic Standard Error
=======================            ==========================
m               = 1.01826e-05      +/- 3.308e-07    (3.249%)
b               = 4.50175e-05      +/- 3.984e-06    (8.849%)

correlation matrix of the fit parameters:
                m      b      
m               1.000 
b              -0.838  1.000 


*******************************************************************************
Thu Apr 17 23:26:32 2025


FIT:    data read from 'f_vs_i2.dat' using 1:3
        format = x:z
        #datapoints = 5
        residuals are weighted equally (unit weight)

function used for fitting: f(x)
	f(x) = m*x + b
fitted parameters initialized with current variable values

Warning: Initial value of parameter 'm' is zero.
Warning: Initial value of parameter 'b' is zero.
iter      chisq       delta/lim  lambda   m             b            
   0 1.3161922689e-07   0.00e+00  8.54e+00    1.000000e-30   1.000000e-30
   5 7.0973173132e-11  -2.45e-08  8.54e-05    1.018258e-05   4.501745e-05

After 5 iterations the fit converged.
final sum of squares of residuals : 7.09732e-11
rel. change during last iteration : -2.45298e-13

degrees of freedom    (FIT_NDF)                        : 3
rms of residuals      (FIT_STDFIT) = sqrt(WSSR/ndf)    : 4.86392e-06
variance of residuals (reduced chisquare) = WSSR/ndf   : 2.36577e-11

Final set of parameters            Asymptotic Standard Error
=======================            ==========================
m               = 1.01826e-05      +/- 3.308e-07    (3.249%)
b               = 4.50175e-05      +/- 3.984e-06    (8.849%)

correlation matrix of the fit parameters:
                m      b      
m               1.000 
b              -0.838  1.000 


*******************************************************************************
Thu Apr 17 23:27:26 2025


FIT:    data read from 'f_vs_i2.dat' using 1:3
        format = x:z
        #datapoints = 5
        residuals are weighted equally (unit weight)

function used for fitting: f(x)
	f(x) = m*x + b
fitted parameters initialized with current variable values

Warning: Initial value of parameter 'm' is zero.
Warning: Initial value of parameter 'b' is zero.
iter      chisq       delta/lim  lambda   m             b            
   0 1.3161922689e-07   0.00e+00  8.54e+00    1.000000e-30   1.000000e-30
   5 7.0973173132e-11  -2.45e-08  8.54e-05    1.018258e-05   4.501745e-05

After 5 iterations the fit converged.
final sum of squares of residuals : 7.09732e-11
rel. change during last iteration : -2.45298e-13

degrees of freedom    (FIT_NDF)                        : 3
rms of residuals      (FIT_STDFIT) = sqrt(WSSR/ndf)    : 4.86392e-06
variance of residuals (reduced chisquare) = WSSR/ndf   : 2.36577e-11

Final set of parameters            Asymptotic Standard Error
=======================            ==========================
m               = 1.01826e-05      +/- 3.308e-07    (3.249%)
b               = 4.50175e-05      +/- 3.984e-06    (8.849%)

correlation matrix of the fit parameters:
                m      b      
m               1.000 
b              -0.838  1.000 


*******************************************************************************
Thu Apr 17 23:28:46 2025


FIT:    data read from 'f_vs_i2.dat' using 1:3
        format = x:z
        x range restricted to [0.00000 : *]
        #datapoints = 5
        residuals are weighted equally (unit weight)

function used for fitting: f(x)
	f(x) = m*x + b
fitted parameters initialized with current variable values

Warning: Initial value of parameter 'm' is zero.
Warning: Initial value of parameter 'b' is zero.
iter      chisq       delta/lim  lambda   m             b            
   0 1.3161922689e-07   0.00e+00  8.54e+00    1.000000e-30   1.000000e-30
   5 7.0973173132e-11  -2.45e-08  8.54e-05    1.018258e-05   4.501745e-05

After 5 iterations the fit converged.
final sum of squares of residuals : 7.09732e-11
rel. change during last iteration : -2.45298e-13

degrees of freedom    (FIT_NDF)                        : 3
rms of residuals      (FIT_STDFIT) = sqrt(WSSR/ndf)    : 4.86392e-06
variance of residuals (reduced chisquare) = WSSR/ndf   : 2.36577e-11

Final set of parameters            Asymptotic Standard Error
=======================            ==========================
m               = 1.01826e-05      +/- 3.308e-07    (3.249%)
b               = 4.50175e-05      +/- 3.984e-06    (8.849%)

correlation matrix of the fit parameters:
                m      b      
m               1.000 
b              -0.838  1.000 


*******************************************************************************
Thu Apr 17 23:29:05 2025


FIT:    data read from 'f_vs_i2.dat' using 1:3
        format = x:z
        #datapoints = 5
        residuals are weighted equally (unit weight)

function used for fitting: f(x)
	f(x) = m*x + b
fitted parameters initialized with current variable values

Warning: Initial value of parameter 'm' is zero.
Warning: Initial value of parameter 'b' is zero.
iter      chisq       delta/lim  lambda   m             b            
   0 1.3161922689e-07   0.00e+00  8.54e+00    1.000000e-30   1.000000e-30
   5 7.0973173132e-11  -2.45e-08  8.54e-05    1.018258e-05   4.501745e-05

After 5 iterations the fit converged.
final sum of squares of residuals : 7.09732e-11
rel. change during last iteration : -2.45298e-13

degrees of freedom    (FIT_NDF)                        : 3
rms of residuals      (FIT_STDFIT) = sqrt(WSSR/ndf)    : 4.86392e-06
variance of residuals (reduced chisquare) = WSSR/ndf   : 2.36577e-11

Final set of parameters            Asymptotic Standard Error
=======================            ==========================
m               = 1.01826e-05      +/- 3.308e-07    (3.249%)
b               = 4.50175e-05      +/- 3.984e-06    (8.849%)

correlation matrix of the fit parameters:
                m      b      
m               1.000 
b              -0.838  1.000 


*******************************************************************************
Thu Apr 17 23:29:33 2025


FIT:    data read from 'f_vs_i2.dat' using 1:3
        format = x:z
        #datapoints = 5
        residuals are weighted equally (unit weight)

function used for fitting: f(x)
	f(x) = m*x + b
fitted parameters initialized with current variable values

Warning: Initial value of parameter 'm' is zero.
Warning: Initial value of parameter 'b' is zero.
iter      chisq       delta/lim  lambda   m             b            
   0 1.3161922689e-07   0.00e+00  8.54e+00    1.000000e-30   1.000000e-30
   5 7.0973173132e-11  -2.45e-08  8.54e-05    1.018258e-05   4.501745e-05

After 5 iterations the fit converged.
final sum of squares of residuals : 7.09732e-11
rel. change during last iteration : -2.45298e-13

degrees of freedom    (FIT_NDF)                        : 3
rms of residuals      (FIT_STDFIT) = sqrt(WSSR/ndf)    : 4.86392e-06
variance of residuals (reduced chisquare) = WSSR/ndf   : 2.36577e-11

Final set of parameters            Asymptotic Standard Error
=======================            ==========================
m               = 1.01826e-05      +/- 3.308e-07    (3.249%)
b               = 4.50175e-05      +/- 3.984e-06    (8.849%)

correlation matrix of the fit parameters:
                m      b      
m               1.000 
b              -0.838  1.000 


*******************************************************************************
Thu Apr 17 23:58:05 2025


FIT:    data read from 'f_vs_i2.dat' using 1:3
        format = x:z
        #datapoints = 5
        residuals are weighted equally (unit weight)

function used for fitting: f(x)
	f(x) = m*x + b
fitted parameters initialized with current variable values

Warning: Initial value of parameter 'm' is zero.
Warning: Initial value of parameter 'b' is zero.
iter      chisq       delta/lim  lambda   m             b            
   0 1.3161922689e-07   0.00e+00  8.54e+00    1.000000e-30   1.000000e-30
   5 7.0973173132e-11  -2.45e-08  8.54e-05    1.018258e-05   4.501745e-05

After 5 iterations the fit converged.
final sum of squares of residuals : 7.09732e-11
rel. change during last iteration : -2.45298e-13

degrees of freedom    (FIT_NDF)                        : 3
rms of residuals      (FIT_STDFIT) = sqrt(WSSR/ndf)    : 4.86392e-06
variance of residuals (reduced chisquare) = WSSR/ndf   : 2.36577e-11

Final set of parameters            Asymptotic Standard Error
=======================            ==========================
m               = 1.01826e-05      +/- 3.308e-07    (3.249%)
b               = 4.50175e-05      +/- 3.984e-06    (8.849%)

correlation matrix of the fit parameters:
                m      b      
m               1.000 
b              -0.838  1.000 


*******************************************************************************
Thu Apr 17 23:58:23 2025


FIT:    data read from 'f_vs_i2.dat' using 1:3
        format = x:z
        #datapoints = 5
        residuals are weighted equally (unit weight)

function used for fitting: f(x)
	f(x) = m*x + b
fitted parameters initialized with current variable values

Warning: Initial value of parameter 'm' is zero.
Warning: Initial value of parameter 'b' is zero.
iter      chisq       delta/lim  lambda   m             b            
   0 1.3161922689e-07   0.00e+00  8.54e+00    1.000000e-30   1.000000e-30
   5 7.0973173132e-11  -2.45e-08  8.54e-05    1.018258e-05   4.501745e-05

After 5 iterations the fit converged.
final sum of squares of residuals : 7.09732e-11
rel. change during last iteration : -2.45298e-13

degrees of freedom    (FIT_NDF)                        : 3
rms of residuals      (FIT_STDFIT) = sqrt(WSSR/ndf)    : 4.86392e-06
variance of residuals (reduced chisquare) = WSSR/ndf   : 2.36577e-11

Final set of parameters            Asymptotic Standard Error
=======================            ==========================
m               = 1.01826e-05      +/- 3.308e-07    (3.249%)
b               = 4.50175e-05      +/- 3.984e-06    (8.849%)

correlation matrix of the fit parameters:
                m      b      
m               1.000 
b              -0.838  1.000 


*******************************************************************************
Thu Apr 17 23:58:35 2025


FIT:    data read from 'f_vs_i2.dat' using 1:3
        format = x:z
        #datapoints = 5
        residuals are weighted equally (unit weight)

function used for fitting: f(x)
	f(x) = m*x + b
fitted parameters initialized with current variable values

Warning: Initial value of parameter 'm' is zero.
Warning: Initial value of parameter 'b' is zero.
iter      chisq       delta/lim  lambda   m             b            
   0 1.3161922689e-07   0.00e+00  8.54e+00    1.000000e-30   1.000000e-30
   5 7.0973173132e-11  -2.45e-08  8.54e-05    1.018258e-05   4.501745e-05

After 5 iterations the fit converged.
final sum of squares of residuals : 7.09732e-11
rel. change during last iteration : -2.45298e-13

degrees of freedom    (FIT_NDF)                        : 3
rms of residuals      (FIT_STDFIT) = sqrt(WSSR/ndf)    : 4.86392e-06
variance of residuals (reduced chisquare) = WSSR/ndf   : 2.36577e-11

Final set of parameters            Asymptotic Standard Error
=======================            ==========================
m               = 1.01826e-05      +/- 3.308e-07    (3.249%)
b               = 4.50175e-05      +/- 3.984e-06    (8.849%)

correlation matrix of the fit parameters:
                m      b      
m               1.000 
b              -0.838  1.000 


*******************************************************************************
Thu Apr 17 23:58:49 2025


FIT:    data read from 'f_vs_i2.dat' using 1:3
        format = x:z
        #datapoints = 5
        residuals are weighted equally (unit weight)

function used for fitting: f(x)
	f(x) = m*x + b
fitted parameters initialized with current variable values

Warning: Initial value of parameter 'm' is zero.
Warning: Initial value of parameter 'b' is zero.
iter      chisq       delta/lim  lambda   m             b            
   0 1.3161922689e-07   0.00e+00  8.54e+00    1.000000e-30   1.000000e-30
   5 7.0973173132e-11  -2.45e-08  8.54e-05    1.018258e-05   4.501745e-05

After 5 iterations the fit converged.
final sum of squares of residuals : 7.09732e-11
rel. change during last iteration : -2.45298e-13

degrees of freedom    (FIT_NDF)                        : 3
rms of residuals      (FIT_STDFIT) = sqrt(WSSR/ndf)    : 4.86392e-06
variance of residuals (reduced chisquare) = WSSR/ndf   : 2.36577e-11

Final set of parameters            Asymptotic Standard Error
=======================            ==========================
m               = 1.01826e-05      +/- 3.308e-07    (3.249%)
b               = 4.50175e-05      +/- 3.984e-06    (8.849%)

correlation matrix of the fit parameters:
                m      b      
m               1.000 
b              -0.838  1.000 


*******************************************************************************
Thu Apr 17 23:58:54 2025


FIT:    data read from 'f_vs_i2.dat' using 1:3
        format = x:z
        #datapoints = 5
        residuals are weighted equally (unit weight)

function used for fitting: f(x)
	f(x) = m*x + b
fitted parameters initialized with current variable values

Warning: Initial value of parameter 'm' is zero.
Warning: Initial value of parameter 'b' is zero.
iter      chisq       delta/lim  lambda   m             b            
   0 1.3161922689e-07   0.00e+00  8.54e+00    1.000000e-30   1.000000e-30
   5 7.0973173132e-11  -2.45e-08  8.54e-05    1.018258e-05   4.501745e-05

After 5 iterations the fit converged.
final sum of squares of residuals : 7.09732e-11
rel. change during last iteration : -2.45298e-13

degrees of freedom    (FIT_NDF)                        : 3
rms of residuals      (FIT_STDFIT) = sqrt(WSSR/ndf)    : 4.86392e-06
variance of residuals (reduced chisquare) = WSSR/ndf   : 2.36577e-11

Final set of parameters            Asymptotic Standard Error
=======================            ==========================
m               = 1.01826e-05      +/- 3.308e-07    (3.249%)
b               = 4.50175e-05      +/- 3.984e-06    (8.849%)

correlation matrix of the fit parameters:
                m      b      
m               1.000 
b              -0.838  1.000 


*******************************************************************************
Thu Apr 17 23:59:12 2025


FIT:    data read from 'f_vs_i2.dat' using 1:3
        format = x:z
        #datapoints = 5
        residuals are weighted equally (unit weight)

function used for fitting: f(x)
	f(x) = m*x + b
fitted parameters initialized with current variable values

Warning: Initial value of parameter 'm' is zero.
Warning: Initial value of parameter 'b' is zero.
iter      chisq       delta/lim  lambda   m             b            
   0 1.3161922689e-07   0.00e+00  8.54e+00    1.000000e-30   1.000000e-30
   5 7.0973173132e-11  -2.45e-08  8.54e-05    1.018258e-05   4.501745e-05

After 5 iterations the fit converged.
final sum of squares of residuals : 7.09732e-11
rel. change during last iteration : -2.45298e-13

degrees of freedom    (FIT_NDF)                        : 3
rms of residuals      (FIT_STDFIT) = sqrt(WSSR/ndf)    : 4.86392e-06
variance of residuals (reduced chisquare) = WSSR/ndf   : 2.36577e-11

Final set of parameters            Asymptotic Standard Error
=======================            ==========================
m               = 1.01826e-05      +/- 3.308e-07    (3.249%)
b               = 4.50175e-05      +/- 3.984e-06    (8.849%)

correlation matrix of the fit parameters:
                m      b      
m               1.000 
b              -0.838  1.000 


*******************************************************************************
Thu Apr 17 23:59:22 2025


FIT:    data read from 'f_vs_i2.dat' using 1:3
        format = x:z
        #datapoints = 5
        residuals are weighted equally (unit weight)

function used for fitting: f(x)
	f(x) = m*x + b
fitted parameters initialized with current variable values

Warning: Initial value of parameter 'm' is zero.
Warning: Initial value of parameter 'b' is zero.
iter      chisq       delta/lim  lambda   m             b            
   0 1.3161922689e-07   0.00e+00  8.54e+00    1.000000e-30   1.000000e-30
   5 7.0973173132e-11  -2.45e-08  8.54e-05    1.018258e-05   4.501745e-05

After 5 iterations the fit converged.
final sum of squares of residuals : 7.09732e-11
rel. change during last iteration : -2.45298e-13

degrees of freedom    (FIT_NDF)                        : 3
rms of residuals      (FIT_STDFIT) = sqrt(WSSR/ndf)    : 4.86392e-06
variance of residuals (reduced chisquare) = WSSR/ndf   : 2.36577e-11

Final set of parameters            Asymptotic Standard Error
=======================            ==========================
m               = 1.01826e-05      +/- 3.308e-07    (3.249%)
b               = 4.50175e-05      +/- 3.984e-06    (8.849%)

correlation matrix of the fit parameters:
                m      b      
m               1.000 
b              -0.838  1.000 


*******************************************************************************
Thu Apr 17 23:59:34 2025


FIT:    data read from 'f_vs_i2.dat' using 1:3
        format = x:z
        #datapoints = 5
        residuals are weighted equally (unit weight)

function used for fitting: f(x)
	f(x) = m*x + b
fitted parameters initialized with current variable values

Warning: Initial value of parameter 'm' is zero.
Warning: Initial value of parameter 'b' is zero.
iter      chisq       delta/lim  lambda   m             b            
   0 1.3161922689e-07   0.00e+00  8.54e+00    1.000000e-30   1.000000e-30
   5 7.0973173132e-11  -2.45e-08  8.54e-05    1.018258e-05   4.501745e-05

After 5 iterations the fit converged.
final sum of squares of residuals : 7.09732e-11
rel. change during last iteration : -2.45298e-13

degrees of freedom    (FIT_NDF)                        : 3
rms of residuals      (FIT_STDFIT) = sqrt(WSSR/ndf)    : 4.86392e-06
variance of residuals (reduced chisquare) = WSSR/ndf   : 2.36577e-11

Final set of parameters            Asymptotic Standard Error
=======================            ==========================
m               = 1.01826e-05      +/- 3.308e-07    (3.249%)
b               = 4.50175e-05      +/- 3.984e-06    (8.849%)

correlation matrix of the fit parameters:
                m      b      
m               1.000 
b              -0.838  1.000 


*******************************************************************************
Thu Apr 17 23:59:46 2025


FIT:    data read from 'f_vs_i2.dat' using 1:3
        format = x:z
        #datapoints = 5
        residuals are weighted equally (unit weight)

function used for fitting: f(x)
	f(x) = m*x + b
fitted parameters initialized with current variable values

Warning: Initial value of parameter 'm' is zero.
Warning: Initial value of parameter 'b' is zero.
iter      chisq       delta/lim  lambda   m             b            
   0 1.3161922689e-07   0.00e+00  8.54e+00    1.000000e-30   1.000000e-30
   5 7.0973173132e-11  -2.45e-08  8.54e-05    1.018258e-05   4.501745e-05

After 5 iterations the fit converged.
final sum of squares of residuals : 7.09732e-11
rel. change during last iteration : -2.45298e-13

degrees of freedom    (FIT_NDF)                        : 3
rms of residuals      (FIT_STDFIT) = sqrt(WSSR/ndf)    : 4.86392e-06
variance of residuals (reduced chisquare) = WSSR/ndf   : 2.36577e-11

Final set of parameters            Asymptotic Standard Error
=======================            ==========================
m               = 1.01826e-05      +/- 3.308e-07    (3.249%)
b               = 4.50175e-05      +/- 3.984e-06    (8.849%)

correlation matrix of the fit parameters:
                m      b      
m               1.000 
b              -0.838  1.000 


*******************************************************************************
Fri Apr 18 00:00:00 2025


FIT:    data read from 'f_vs_i2.dat' using 1:3
        format = x:z
        #datapoints = 5
        residuals are weighted equally (unit weight)

function used for fitting: f(x)
	f(x) = m*x + b
fitted parameters initialized with current variable values

Warning: Initial value of parameter 'm' is zero.
Warning: Initial value of parameter 'b' is zero.
iter      chisq       delta/lim  lambda   m             b            
   0 1.3161922689e-07   0.00e+00  8.54e+00    1.000000e-30   1.000000e-30
   5 7.0973173132e-11  -2.45e-08  8.54e-05    1.018258e-05   4.501745e-05

After 5 iterations the fit converged.
final sum of squares of residuals : 7.09732e-11
rel. change during last iteration : -2.45298e-13

degrees of freedom    (FIT_NDF)                        : 3
rms of residuals      (FIT_STDFIT) = sqrt(WSSR/ndf)    : 4.86392e-06
variance of residuals (reduced chisquare) = WSSR/ndf   : 2.36577e-11

Final set of parameters            Asymptotic Standard Error
=======================            ==========================
m               = 1.01826e-05      +/- 3.308e-07    (3.249%)
b               = 4.50175e-05      +/- 3.984e-06    (8.849%)

correlation matrix of the fit parameters:
                m      b      
m               1.000 
b              -0.838  1.000 


*******************************************************************************
Fri Apr 18 00:00:13 2025


FIT:    data read from 'f_vs_i2.dat' using 1:3
        format = x:z
        #datapoints = 5
        residuals are weighted equally (unit weight)

function used for fitting: f(x)
	f(x) = m*x + b
fitted parameters initialized with current variable values

Warning: Initial value of parameter 'm' is zero.
Warning: Initial value of parameter 'b' is zero.
iter      chisq       delta/lim  lambda   m             b            
   0 1.3161922689e-07   0.00e+00  8.54e+00    1.000000e-30   1.000000e-30
   5 7.0973173132e-11  -2.45e-08  8.54e-05    1.018258e-05   4.501745e-05

After 5 iterations the fit converged.
final sum of squares of residuals : 7.09732e-11
rel. change during last iteration : -2.45298e-13

degrees of freedom    (FIT_NDF)                        : 3
rms of residuals      (FIT_STDFIT) = sqrt(WSSR/ndf)    : 4.86392e-06
variance of residuals (reduced chisquare) = WSSR/ndf   : 2.36577e-11

Final set of parameters            Asymptotic Standard Error
=======================            ==========================
m               = 1.01826e-05      +/- 3.308e-07    (3.249%)
b               = 4.50175e-05      +/- 3.984e-06    (8.849%)

correlation matrix of the fit parameters:
                m      b      
m               1.000 
b              -0.838  1.000 


*******************************************************************************
Fri Apr 18 11:30:57 2025


FIT:    data read from 'f_vs_i2.dat' using 1:3
        format = x:z
        #datapoints = 5
        residuals are weighted equally (unit weight)

function used for fitting: f(x)
	f(x) = m*x + b
fitted parameters initialized with current variable values

Warning: Initial value of parameter 'm' is zero.
Warning: Initial value of parameter 'b' is zero.
iter      chisq       delta/lim  lambda   m             b            
   0 1.3161922689e-07   0.00e+00  8.54e+00    1.000000e-30   1.000000e-30
   5 7.0973173132e-11  -2.45e-08  8.54e-05    1.018258e-05   4.501745e-05

After 5 iterations the fit converged.
final sum of squares of residuals : 7.09732e-11
rel. change during last iteration : -2.45298e-13

degrees of freedom    (FIT_NDF)                        : 3
rms of residuals      (FIT_STDFIT) = sqrt(WSSR/ndf)    : 4.86392e-06
variance of residuals (reduced chisquare) = WSSR/ndf   : 2.36577e-11

Final set of parameters            Asymptotic Standard Error
=======================            ==========================
m               = 1.01826e-05      +/- 3.308e-07    (3.249%)
b               = 4.50175e-05      +/- 3.984e-06    (8.849%)

correlation matrix of the fit parameters:
                m      b      
m               1.000 
b              -0.838  1.000 


*******************************************************************************
Fri Apr 18 11:31:06 2025


FIT:    data read from 'f_vs_i2.dat' using 1:3
        format = x:z
        #datapoints = 5
        residuals are weighted equally (unit weight)

function used for fitting: f(x)
	f(x) = m*x + b
fitted parameters initialized with current variable values

Warning: Initial value of parameter 'm' is zero.
Warning: Initial value of parameter 'b' is zero.
iter      chisq       delta/lim  lambda   m             b            
   0 1.3161922689e-07   0.00e+00  8.54e+00    1.000000e-30   1.000000e-30
   5 7.0973173132e-11  -2.45e-08  8.54e-05    1.018258e-05   4.501745e-05

After 5 iterations the fit converged.
final sum of squares of residuals : 7.09732e-11
rel. change during last iteration : -2.45298e-13

degrees of freedom    (FIT_NDF)                        : 3
rms of residuals      (FIT_STDFIT) = sqrt(WSSR/ndf)    : 4.86392e-06
variance of residuals (reduced chisquare) = WSSR/ndf   : 2.36577e-11

Final set of parameters            Asymptotic Standard Error
=======================            ==========================
m               = 1.01826e-05      +/- 3.308e-07    (3.249%)
b               = 4.50175e-05      +/- 3.984e-06    (8.849%)

correlation matrix of the fit parameters:
                m      b      
m               1.000 
b              -0.838  1.000 


*******************************************************************************
Fri Apr 18 11:31:47 2025


FIT:    data read from 'f_vs_i2.dat' using 1:3
        format = x:z
        #datapoints = 5
        residuals are weighted equally (unit weight)

function used for fitting: f(x)
	f(x) = m*x + b
fitted parameters initialized with current variable values

Warning: Initial value of parameter 'm' is zero.
Warning: Initial value of parameter 'b' is zero.
iter      chisq       delta/lim  lambda   m             b            
   0 1.3161922689e-07   0.00e+00  8.54e+00    1.000000e-30   1.000000e-30
   5 7.0973173132e-11  -2.45e-08  8.54e-05    1.018258e-05   4.501745e-05

After 5 iterations the fit converged.
final sum of squares of residuals : 7.09732e-11
rel. change during last iteration : -2.45298e-13

degrees of freedom    (FIT_NDF)                        : 3
rms of residuals      (FIT_STDFIT) = sqrt(WSSR/ndf)    : 4.86392e-06
variance of residuals (reduced chisquare) = WSSR/ndf   : 2.36577e-11

Final set of parameters            Asymptotic Standard Error
=======================            ==========================
m               = 1.01826e-05      +/- 3.308e-07    (3.249%)
b               = 4.50175e-05      +/- 3.984e-06    (8.849%)

correlation matrix of the fit parameters:
                m      b      
m               1.000 
b              -0.838  1.000 


*******************************************************************************
Fri Apr 18 11:32:58 2025


FIT:    data read from 'f_vs_i2.dat' using 1:3
        format = x:z
        #datapoints = 5
        residuals are weighted equally (unit weight)

function used for fitting: f(x)
	f(x) = m*x + b
fitted parameters initialized with current variable values

Warning: Initial value of parameter 'm' is zero.
Warning: Initial value of parameter 'b' is zero.
iter      chisq       delta/lim  lambda   m             b            
   0 1.3161922689e-07   0.00e+00  8.54e+00    1.000000e-30   1.000000e-30
   5 7.0973173132e-11  -2.45e-08  8.54e-05    1.018258e-05   4.501745e-05

After 5 iterations the fit converged.
final sum of squares of residuals : 7.09732e-11
rel. change during last iteration : -2.45298e-13

degrees of freedom    (FIT_NDF)                        : 3
rms of residuals      (FIT_STDFIT) = sqrt(WSSR/ndf)    : 4.86392e-06
variance of residuals (reduced chisquare) = WSSR/ndf   : 2.36577e-11

Final set of parameters            Asymptotic Standard Error
=======================            ==========================
m               = 1.01826e-05      +/- 3.308e-07    (3.249%)
b               = 4.50175e-05      +/- 3.984e-06    (8.849%)

correlation matrix of the fit parameters:
                m      b      
m               1.000 
b              -0.838  1.000 


*******************************************************************************
Fri Apr 18 11:33:23 2025


FIT:    data read from 'f_vs_i2.dat' using 1:3
        format = x:z
        #datapoints = 5
        residuals are weighted equally (unit weight)

function used for fitting: f(x)
	f(x) = m*x + b
fitted parameters initialized with current variable values

Warning: Initial value of parameter 'm' is zero.
Warning: Initial value of parameter 'b' is zero.
iter      chisq       delta/lim  lambda   m             b            
   0 1.3161922689e-07   0.00e+00  8.54e+00    1.000000e-30   1.000000e-30
   5 7.0973173132e-11  -2.45e-08  8.54e-05    1.018258e-05   4.501745e-05

After 5 iterations the fit converged.
final sum of squares of residuals : 7.09732e-11
rel. change during last iteration : -2.45298e-13

degrees of freedom    (FIT_NDF)                        : 3
rms of residuals      (FIT_STDFIT) = sqrt(WSSR/ndf)    : 4.86392e-06
variance of residuals (reduced chisquare) = WSSR/ndf   : 2.36577e-11

Final set of parameters            Asymptotic Standard Error
=======================            ==========================
m               = 1.01826e-05      +/- 3.308e-07    (3.249%)
b               = 4.50175e-05      +/- 3.984e-06    (8.849%)

correlation matrix of the fit parameters:
                m      b      
m               1.000 
b              -0.838  1.000 


*******************************************************************************
Fri Apr 18 11:33:37 2025


FIT:    data read from 'f_vs_i2.dat' using 1:3
        format = x:z
        #datapoints = 5
        residuals are weighted equally (unit weight)

function used for fitting: f(x)
	f(x) = m*x + b
fitted parameters initialized with current variable values

Warning: Initial value of parameter 'm' is zero.
Warning: Initial value of parameter 'b' is zero.
iter      chisq       delta/lim  lambda   m             b            
   0 1.3161922689e-07   0.00e+00  8.54e+00    1.000000e-30   1.000000e-30
   5 7.0973173132e-11  -2.45e-08  8.54e-05    1.018258e-05   4.501745e-05

After 5 iterations the fit converged.
final sum of squares of residuals : 7.09732e-11
rel. change during last iteration : -2.45298e-13

degrees of freedom    (FIT_NDF)                        : 3
rms of residuals      (FIT_STDFIT) = sqrt(WSSR/ndf)    : 4.86392e-06
variance of residuals (reduced chisquare) = WSSR/ndf   : 2.36577e-11

Final set of parameters            Asymptotic Standard Error
=======================            ==========================
m               = 1.01826e-05      +/- 3.308e-07    (3.249%)
b               = 4.50175e-05      +/- 3.984e-06    (8.849%)

correlation matrix of the fit parameters:
                m      b      
m               1.000 
b              -0.838  1.000 


*******************************************************************************
Fri Apr 18 11:34:02 2025


FIT:    data read from 'f_vs_i2.dat' using 1:3
        format = x:z
        #datapoints = 5
        residuals are weighted equally (unit weight)

function used for fitting: f(x)
	f(x) = m*x + b
fitted parameters initialized with current variable values

Warning: Initial value of parameter 'm' is zero.
Warning: Initial value of parameter 'b' is zero.
iter      chisq       delta/lim  lambda   m             b            
   0 1.3161922689e-07   0.00e+00  8.54e+00    1.000000e-30   1.000000e-30
   5 7.0973173132e-11  -2.45e-08  8.54e-05    1.018258e-05   4.501745e-05

After 5 iterations the fit converged.
final sum of squares of residuals : 7.09732e-11
rel. change during last iteration : -2.45298e-13

degrees of freedom    (FIT_NDF)                        : 3
rms of residuals      (FIT_STDFIT) = sqrt(WSSR/ndf)    : 4.86392e-06
variance of residuals (reduced chisquare) = WSSR/ndf   : 2.36577e-11

Final set of parameters            Asymptotic Standard Error
=======================            ==========================
m               = 1.01826e-05      +/- 3.308e-07    (3.249%)
b               = 4.50175e-05      +/- 3.984e-06    (8.849%)

correlation matrix of the fit parameters:
                m      b      
m               1.000 
b              -0.838  1.000 


*******************************************************************************
Fri Apr 18 11:34:11 2025


FIT:    data read from 'f_vs_i2.dat' using 1:3
        format = x:z
        #datapoints = 5
        residuals are weighted equally (unit weight)

function used for fitting: f(x)
	f(x) = m*x + b
fitted parameters initialized with current variable values

Warning: Initial value of parameter 'm' is zero.
Warning: Initial value of parameter 'b' is zero.
iter      chisq       delta/lim  lambda   m             b            
   0 1.3161922689e-07   0.00e+00  8.54e+00    1.000000e-30   1.000000e-30
   5 7.0973173132e-11  -2.45e-08  8.54e-05    1.018258e-05   4.501745e-05

After 5 iterations the fit converged.
final sum of squares of residuals : 7.09732e-11
rel. change during last iteration : -2.45298e-13

degrees of freedom    (FIT_NDF)                        : 3
rms of residuals      (FIT_STDFIT) = sqrt(WSSR/ndf)    : 4.86392e-06
variance of residuals (reduced chisquare) = WSSR/ndf   : 2.36577e-11

Final set of parameters            Asymptotic Standard Error
=======================            ==========================
m               = 1.01826e-05      +/- 3.308e-07    (3.249%)
b               = 4.50175e-05      +/- 3.984e-06    (8.849%)

correlation matrix of the fit parameters:
                m      b      
m               1.000 
b              -0.838  1.000 


*******************************************************************************
Fri Apr 18 11:34:25 2025


FIT:    data read from 'f_vs_i2.dat' using 1:3
        format = x:z
        #datapoints = 5
        residuals are weighted equally (unit weight)

function used for fitting: f(x)
	f(x) = m*x + b
fitted parameters initialized with current variable values

Warning: Initial value of parameter 'm' is zero.
Warning: Initial value of parameter 'b' is zero.
iter      chisq       delta/lim  lambda   m             b            
   0 1.3161922689e-07   0.00e+00  8.54e+00    1.000000e-30   1.000000e-30
   5 7.0973173132e-11  -2.45e-08  8.54e-05    1.018258e-05   4.501745e-05

After 5 iterations the fit converged.
final sum of squares of residuals : 7.09732e-11
rel. change during last iteration : -2.45298e-13

degrees of freedom    (FIT_NDF)                        : 3
rms of residuals      (FIT_STDFIT) = sqrt(WSSR/ndf)    : 4.86392e-06
variance of residuals (reduced chisquare) = WSSR/ndf   : 2.36577e-11

Final set of parameters            Asymptotic Standard Error
=======================            ==========================
m               = 1.01826e-05      +/- 3.308e-07    (3.249%)
b               = 4.50175e-05      +/- 3.984e-06    (8.849%)

correlation matrix of the fit parameters:
                m      b      
m               1.000 
b              -0.838  1.000 


*******************************************************************************
Fri Apr 18 11:36:16 2025


FIT:    data read from 'f_vs_i2.dat' using 1:3
        format = x:z
        #datapoints = 5
        residuals are weighted equally (unit weight)

function used for fitting: f(x)
	f(x) = m*x + b
fitted parameters initialized with current variable values

Warning: Initial value of parameter 'm' is zero.
Warning: Initial value of parameter 'b' is zero.
iter      chisq       delta/lim  lambda   m             b            
   0 1.3161922689e-07   0.00e+00  8.54e+00    1.000000e-30   1.000000e-30
   5 7.0973173132e-11  -2.45e-08  8.54e-05    1.018258e-05   4.501745e-05

After 5 iterations the fit converged.
final sum of squares of residuals : 7.09732e-11
rel. change during last iteration : -2.45298e-13

degrees of freedom    (FIT_NDF)                        : 3
rms of residuals      (FIT_STDFIT) = sqrt(WSSR/ndf)    : 4.86392e-06
variance of residuals (reduced chisquare) = WSSR/ndf   : 2.36577e-11

Final set of parameters            Asymptotic Standard Error
=======================            ==========================
m               = 1.01826e-05      +/- 3.308e-07    (3.249%)
b               = 4.50175e-05      +/- 3.984e-06    (8.849%)

correlation matrix of the fit parameters:
                m      b      
m               1.000 
b              -0.838  1.000 


*******************************************************************************
Fri Apr 18 11:36:41 2025


FIT:    data read from 'f_vs_i2.dat' using 1:3
        format = x:z
        #datapoints = 5
        residuals are weighted equally (unit weight)

function used for fitting: f(x)
	f(x) = m*x + b
fitted parameters initialized with current variable values

Warning: Initial value of parameter 'm' is zero.
Warning: Initial value of parameter 'b' is zero.
iter      chisq       delta/lim  lambda   m             b            
   0 1.3161922689e-07   0.00e+00  8.54e+00    1.000000e-30   1.000000e-30
   5 7.0973173132e-11  -2.45e-08  8.54e-05    1.018258e-05   4.501745e-05

After 5 iterations the fit converged.
final sum of squares of residuals : 7.09732e-11
rel. change during last iteration : -2.45298e-13

degrees of freedom    (FIT_NDF)                        : 3
rms of residuals      (FIT_STDFIT) = sqrt(WSSR/ndf)    : 4.86392e-06
variance of residuals (reduced chisquare) = WSSR/ndf   : 2.36577e-11

Final set of parameters            Asymptotic Standard Error
=======================            ==========================
m               = 1.01826e-05      +/- 3.308e-07    (3.249%)
b               = 4.50175e-05      +/- 3.984e-06    (8.849%)

correlation matrix of the fit parameters:
                m      b      
m               1.000 
b              -0.838  1.000 


*******************************************************************************
Fri Apr 18 11:37:00 2025


FIT:    data read from 'f_vs_i2.dat' using 1:3
        format = x:z
        #datapoints = 5
        residuals are weighted equally (unit weight)

function used for fitting: f(x)
	f(x) = m*x + b
fitted parameters initialized with current variable values

Warning: Initial value of parameter 'm' is zero.
Warning: Initial value of parameter 'b' is zero.
iter      chisq       delta/lim  lambda   m             b            
   0 1.3161922689e-07   0.00e+00  8.54e+00    1.000000e-30   1.000000e-30
   5 7.0973173132e-11  -2.45e-08  8.54e-05    1.018258e-05   4.501745e-05

After 5 iterations the fit converged.
final sum of squares of residuals : 7.09732e-11
rel. change during last iteration : -2.45298e-13

degrees of freedom    (FIT_NDF)                        : 3
rms of residuals      (FIT_STDFIT) = sqrt(WSSR/ndf)    : 4.86392e-06
variance of residuals (reduced chisquare) = WSSR/ndf   : 2.36577e-11

Final set of parameters            Asymptotic Standard Error
=======================            ==========================
m               = 1.01826e-05      +/- 3.308e-07    (3.249%)
b               = 4.50175e-05      +/- 3.984e-06    (8.849%)

correlation matrix of the fit parameters:
                m      b      
m               1.000 
b              -0.838  1.000 


*******************************************************************************
Fri Apr 18 11:37:11 2025


FIT:    data read from 'f_vs_i2.dat' using 1:3
        format = x:z
        #datapoints = 5
        residuals are weighted equally (unit weight)

function used for fitting: f(x)
	f(x) = m*x + b
fitted parameters initialized with current variable values

Warning: Initial value of parameter 'm' is zero.
Warning: Initial value of parameter 'b' is zero.
iter      chisq       delta/lim  lambda   m             b            
   0 1.3161922689e-07   0.00e+00  8.54e+00    1.000000e-30   1.000000e-30
   5 7.0973173132e-11  -2.45e-08  8.54e-05    1.018258e-05   4.501745e-05

After 5 iterations the fit converged.
final sum of squares of residuals : 7.09732e-11
rel. change during last iteration : -2.45298e-13

degrees of freedom    (FIT_NDF)                        : 3
rms of residuals      (FIT_STDFIT) = sqrt(WSSR/ndf)    : 4.86392e-06
variance of residuals (reduced chisquare) = WSSR/ndf   : 2.36577e-11

Final set of parameters            Asymptotic Standard Error
=======================            ==========================
m               = 1.01826e-05      +/- 3.308e-07    (3.249%)
b               = 4.50175e-05      +/- 3.984e-06    (8.849%)

correlation matrix of the fit parameters:
                m      b      
m               1.000 
b              -0.838  1.000 


*******************************************************************************
Fri Apr 18 11:37:23 2025


FIT:    data read from 'f_vs_i2.dat' using 1:3
        format = x:z
        #datapoints = 5
        residuals are weighted equally (unit weight)

function used for fitting: f(x)
	f(x) = m*x + b
fitted parameters initialized with current variable values

Warning: Initial value of parameter 'm' is zero.
Warning: Initial value of parameter 'b' is zero.
iter      chisq       delta/lim  lambda   m             b            
   0 1.3161922689e-07   0.00e+00  8.54e+00    1.000000e-30   1.000000e-30
   5 7.0973173132e-11  -2.45e-08  8.54e-05    1.018258e-05   4.501745e-05

After 5 iterations the fit converged.
final sum of squares of residuals : 7.09732e-11
rel. change during last iteration : -2.45298e-13

degrees of freedom    (FIT_NDF)                        : 3
rms of residuals      (FIT_STDFIT) = sqrt(WSSR/ndf)    : 4.86392e-06
variance of residuals (reduced chisquare) = WSSR/ndf   : 2.36577e-11

Final set of parameters            Asymptotic Standard Error
=======================            ==========================
m               = 1.01826e-05      +/- 3.308e-07    (3.249%)
b               = 4.50175e-05      +/- 3.984e-06    (8.849%)

correlation matrix of the fit parameters:
                m      b      
m               1.000 
b              -0.838  1.000 


*******************************************************************************
Fri Apr 18 11:39:57 2025


FIT:    data read from 'f_vs_i2.dat' using 1:3
        format = x:z
        #datapoints = 5
        residuals are weighted equally (unit weight)

function used for fitting: f(x)
	f(x) = m*x + b
fitted parameters initialized with current variable values

Warning: Initial value of parameter 'm' is zero.
Warning: Initial value of parameter 'b' is zero.
iter      chisq       delta/lim  lambda   m             b            
   0 1.3161922689e-07   0.00e+00  8.54e+00    1.000000e-30   1.000000e-30
   5 7.0973173132e-11  -2.45e-08  8.54e-05    1.018258e-05   4.501745e-05

After 5 iterations the fit converged.
final sum of squares of residuals : 7.09732e-11
rel. change during last iteration : -2.45298e-13

degrees of freedom    (FIT_NDF)                        : 3
rms of residuals      (FIT_STDFIT) = sqrt(WSSR/ndf)    : 4.86392e-06
variance of residuals (reduced chisquare) = WSSR/ndf   : 2.36577e-11

Final set of parameters            Asymptotic Standard Error
=======================            ==========================
m               = 1.01826e-05      +/- 3.308e-07    (3.249%)
b               = 4.50175e-05      +/- 3.984e-06    (8.849%)

correlation matrix of the fit parameters:
                m      b      
m               1.000 
b              -0.838  1.000 
