

*******************************************************************************
Thu May 29 17:00:57 2025


FIT:    data read from 'lambda.dat' using 1:3
        format = x:z
BREAK: No data to fit

*******************************************************************************
Thu May 29 17:01:47 2025


FIT:    data read from 'lambda.dat' using 1:3
        format = x:z
        #datapoints = 5
        residuals are weighted equally (unit weight)

function used for fitting: f(x)
	f(x) = m*x + b
fitted parameters initialized with current variable values

Warning: Initial value of parameter 'm' is zero.
Warning: Initial value of parameter 'b' is zero.
iter      chisq       delta/lim  lambda   m             b            
   0 2.1608000000e-08   0.00e+00  9.23e-01    1.000000e-30   1.000000e-30
   4 1.5890327163e-11  -2.91e-09  9.23e-05   -3.973925e-05   5.212176e-05

After 4 iterations the fit converged.
final sum of squares of residuals : 1.58903e-11
rel. change during last iteration : -2.90779e-14

degrees of freedom    (FIT_NDF)                        : 3
rms of residuals      (FIT_STDFIT) = sqrt(WSSR/ndf)    : 2.30147e-06
variance of residuals (reduced chisquare) = WSSR/ndf   : 5.29678e-12

Final set of parameters            Asymptotic Standard Error
=======================            ==========================
m               = -3.97392e-05     +/- 1.238e-06    (3.114%)
b               = 5.21218e-05      +/- 1.04e-06     (1.994%)

correlation matrix of the fit parameters:
                m      b      
m               1.000 
b               0.140  1.000 


*******************************************************************************
Thu May 29 17:02:20 2025


FIT:    data read from 'lambda.dat' using 1:3
        format = x:z
        #datapoints = 5
        residuals are weighted equally (unit weight)

function used for fitting: f(x)
	f(x) = m*x + b
fitted parameters initialized with current variable values

Warning: Initial value of parameter 'm' is zero.
Warning: Initial value of parameter 'b' is zero.
iter      chisq       delta/lim  lambda   m             b            
   0 2.1608000000e-08   0.00e+00  9.23e-01    1.000000e-30   1.000000e-30
   4 1.5890327163e-11  -2.91e-09  9.23e-05   -3.973925e-05   5.212176e-05

After 4 iterations the fit converged.
final sum of squares of residuals : 1.58903e-11
rel. change during last iteration : -2.90779e-14

degrees of freedom    (FIT_NDF)                        : 3
rms of residuals      (FIT_STDFIT) = sqrt(WSSR/ndf)    : 2.30147e-06
variance of residuals (reduced chisquare) = WSSR/ndf   : 5.29678e-12

Final set of parameters            Asymptotic Standard Error
=======================            ==========================
m               = -3.97392e-05     +/- 1.238e-06    (3.114%)
b               = 5.21218e-05      +/- 1.04e-06     (1.994%)

correlation matrix of the fit parameters:
                m      b      
m               1.000 
b               0.140  1.000 


*******************************************************************************
Thu May 29 17:03:37 2025


FIT:    data read from 'lambda.dat' using 1:3
        format = x:z
        #datapoints = 5
        residuals are weighted equally (unit weight)

function used for fitting: f(x)
	f(x) = m*x + b
fitted parameters initialized with current variable values

Warning: Initial value of parameter 'm' is zero.
Warning: Initial value of parameter 'b' is zero.
iter      chisq       delta/lim  lambda   m             b            
   0 2.1608000000e-08   0.00e+00  9.23e-01    1.000000e-30   1.000000e-30
   4 1.5890327163e-11  -2.91e-09  9.23e-05   -3.973925e-05   5.212176e-05

After 4 iterations the fit converged.
final sum of squares of residuals : 1.58903e-11
rel. change during last iteration : -2.90779e-14

degrees of freedom    (FIT_NDF)                        : 3
rms of residuals      (FIT_STDFIT) = sqrt(WSSR/ndf)    : 2.30147e-06
variance of residuals (reduced chisquare) = WSSR/ndf   : 5.29678e-12

Final set of parameters            Asymptotic Standard Error
=======================            ==========================
m               = -3.97392e-05     +/- 1.238e-06    (3.114%)
b               = 5.21218e-05      +/- 1.04e-06     (1.994%)

correlation matrix of the fit parameters:
                m      b      
m               1.000 
b               0.140  1.000 


*******************************************************************************
Thu May 29 17:09:18 2025


FIT:    data read from 'lambda.dat' using 1:3:2
        format = x:z:s
        #datapoints = 5
function used for fitting: f(x)
	f(x) = m*x + b
fitted parameters initialized with current variable values

Warning: Initial value of parameter 'm' is zero.
Warning: Initial value of parameter 'b' is zero.
iter      chisq       delta/lim  lambda   m             b            
   0 1.3544690024e-06   0.00e+00  1.85e+01    1.000000e-30   1.000000e-30
   4 7.6813246954e-10  -2.51e-04  1.85e-03   -3.977725e-05   5.199515e-05

After 4 iterations the fit converged.
final sum of squares of residuals : 7.68132e-10
rel. change during last iteration : -2.51e-09

degrees of freedom    (FIT_NDF)                        : 3
rms of residuals      (FIT_STDFIT) = sqrt(WSSR/ndf)    : 1.60014e-05
variance of residuals (reduced chisquare) = WSSR/ndf   : 2.56044e-10
p-value of the Chisq distribution (FIT_P)              : 1

Final set of parameters            Asymptotic Standard Error
=======================            ==========================
m               = -3.97772e-05     +/- 8.226e-07    (2.068%)
b               = 5.19951e-05      +/- 7.556e-07    (1.453%)

correlation matrix of the fit parameters:
                m      b      
m               1.000 
b              -0.871  1.000 


*******************************************************************************
Thu May 29 17:09:34 2025


FIT:    data read from 'lambda.dat' using 1:3
        format = x:z
        #datapoints = 5
        residuals are weighted equally (unit weight)

function used for fitting: f(x)
	f(x) = m*x + b
fitted parameters initialized with current variable values

Warning: Initial value of parameter 'm' is zero.
Warning: Initial value of parameter 'b' is zero.
iter      chisq       delta/lim  lambda   m             b            
   0 2.1608000000e-08   0.00e+00  9.23e-01    1.000000e-30   1.000000e-30
   4 1.5890327163e-11  -2.91e-09  9.23e-05   -3.973925e-05   5.212176e-05

After 4 iterations the fit converged.
final sum of squares of residuals : 1.58903e-11
rel. change during last iteration : -2.90779e-14

degrees of freedom    (FIT_NDF)                        : 3
rms of residuals      (FIT_STDFIT) = sqrt(WSSR/ndf)    : 2.30147e-06
variance of residuals (reduced chisquare) = WSSR/ndf   : 5.29678e-12

Final set of parameters            Asymptotic Standard Error
=======================            ==========================
m               = -3.97392e-05     +/- 1.238e-06    (3.114%)
b               = 5.21218e-05      +/- 1.04e-06     (1.994%)

correlation matrix of the fit parameters:
                m      b      
m               1.000 
b               0.140  1.000 


*******************************************************************************
Thu May 29 17:12:11 2025


FIT:    data read from 'lambda.dat' using 1:3
        format = x:z
        #datapoints = 5
        residuals are weighted equally (unit weight)

function used for fitting: f(x)
	f(x) = m*x + b
fitted parameters initialized with current variable values

Warning: Initial value of parameter 'm' is zero.
Warning: Initial value of parameter 'b' is zero.
iter      chisq       delta/lim  lambda   m             b            
   0 2.1608000000e-08   0.00e+00  9.23e-01    1.000000e-30   1.000000e-30
   4 1.5890327163e-11  -2.91e-09  9.23e-05   -3.973925e-05   5.212176e-05

After 4 iterations the fit converged.
final sum of squares of residuals : 1.58903e-11
rel. change during last iteration : -2.90779e-14

degrees of freedom    (FIT_NDF)                        : 3
rms of residuals      (FIT_STDFIT) = sqrt(WSSR/ndf)    : 2.30147e-06
variance of residuals (reduced chisquare) = WSSR/ndf   : 5.29678e-12

Final set of parameters            Asymptotic Standard Error
=======================            ==========================
m               = -3.97392e-05     +/- 1.238e-06    (3.114%)
b               = 5.21218e-05      +/- 1.04e-06     (1.994%)

correlation matrix of the fit parameters:
                m      b      
m               1.000 
b               0.140  1.000 


*******************************************************************************
Thu May 29 17:13:17 2025


FIT:    data read from 'lambda.dat' using 1:3
        format = x:z
        #datapoints = 5
        residuals are weighted equally (unit weight)

function used for fitting: f(x)
	f(x) = m*x + b
fitted parameters initialized with current variable values

Warning: Initial value of parameter 'm' is zero.
Warning: Initial value of parameter 'b' is zero.
iter      chisq       delta/lim  lambda   m             b            
   0 2.1608000000e-08   0.00e+00  9.23e-01    1.000000e-30   1.000000e-30
   4 1.5890327163e-11  -2.91e-09  9.23e-05   -3.973925e-05   5.212176e-05

After 4 iterations the fit converged.
final sum of squares of residuals : 1.58903e-11
rel. change during last iteration : -2.90779e-14

degrees of freedom    (FIT_NDF)                        : 3
rms of residuals      (FIT_STDFIT) = sqrt(WSSR/ndf)    : 2.30147e-06
variance of residuals (reduced chisquare) = WSSR/ndf   : 5.29678e-12

Final set of parameters            Asymptotic Standard Error
=======================            ==========================
m               = -3.97392e-05     +/- 1.238e-06    (3.114%)
b               = 5.21218e-05      +/- 1.04e-06     (1.994%)

correlation matrix of the fit parameters:
                m      b      
m               1.000 
b               0.140  1.000 


*******************************************************************************
Thu May 29 17:13:37 2025


FIT:    data read from 'lambda.dat' using 3:1
        format = x:z
        #datapoints = 5
        residuals are weighted equally (unit weight)

function used for fitting: f(x)
	f(x) = m*x + b
fitted parameters initialized with current variable values

Warning: Initial value of parameter 'm' is zero.
Warning: Initial value of parameter 'b' is zero.
iter      chisq       delta/lim  lambda   m             b            
   0 3.5272999275e+00   0.00e+00  7.07e-01    1.000000e-30   1.000000e-30
   8 1.0033020275e-02  -5.22e-06  7.07e-09   -2.509103e+04   1.307447e+00

After 8 iterations the fit converged.
final sum of squares of residuals : 0.010033
rel. change during last iteration : -5.22259e-11

degrees of freedom    (FIT_NDF)                        : 3
rms of residuals      (FIT_STDFIT) = sqrt(WSSR/ndf)    : 0.0578303
variance of residuals (reduced chisquare) = WSSR/ndf   : 0.00334434

Final set of parameters            Asymptotic Standard Error
=======================            ==========================
m               = -25091           +/- 781.4        (3.114%)
b               = 1.30745          +/- 0.05137      (3.929%)

correlation matrix of the fit parameters:
                m      b      
m               1.000 
b              -0.864  1.000 


*******************************************************************************
Thu May 29 17:13:58 2025


FIT:    data read from 'lambda.dat' using 3:1
        format = x:z
        #datapoints = 5
        residuals are weighted equally (unit weight)

function used for fitting: f(x)
	f(x) = m*x + b
fitted parameters initialized with current variable values

Warning: Initial value of parameter 'm' is zero.
Warning: Initial value of parameter 'b' is zero.
iter      chisq       delta/lim  lambda   m             b            
   0 3.5272999275e+00   0.00e+00  7.07e-01    1.000000e-30   1.000000e-30
   8 1.0033020275e-02  -5.22e-06  7.07e-09   -2.509103e+04   1.307447e+00

After 8 iterations the fit converged.
final sum of squares of residuals : 0.010033
rel. change during last iteration : -5.22259e-11

degrees of freedom    (FIT_NDF)                        : 3
rms of residuals      (FIT_STDFIT) = sqrt(WSSR/ndf)    : 0.0578303
variance of residuals (reduced chisquare) = WSSR/ndf   : 0.00334434

Final set of parameters            Asymptotic Standard Error
=======================            ==========================
m               = -25091           +/- 781.4        (3.114%)
b               = 1.30745          +/- 0.05137      (3.929%)

correlation matrix of the fit parameters:
                m      b      
m               1.000 
b              -0.864  1.000 


*******************************************************************************
Thu May 29 17:15:19 2025


FIT:    data read from 'lambda.dat' using 3:1:2
        format = x:z:s
        #datapoints = 5
function used for fitting: f(x)
	f(x) = m*x + b
fitted parameters initialized with current variable values

Warning: Initial value of parameter 'm' is zero.
Warning: Initial value of parameter 'b' is zero.
iter      chisq       delta/lim  lambda   m             b            
   0 1.5637569237e+03   0.00e+00  1.36e+01    1.000000e-30   1.000000e-30
   8 4.8485262726e-01  -3.80e-03  1.36e-07   -2.510778e+04   1.306508e+00

After 8 iterations the fit converged.
final sum of squares of residuals : 0.484853
rel. change during last iteration : -3.79908e-08

degrees of freedom    (FIT_NDF)                        : 3
rms of residuals      (FIT_STDFIT) = sqrt(WSSR/ndf)    : 0.402017
variance of residuals (reduced chisquare) = WSSR/ndf   : 0.161618
p-value of the Chisq distribution (FIT_P)              : 0.922206

Final set of parameters            Asymptotic Standard Error
=======================            ==========================
m               = -25107.8         +/- 519.2        (2.068%)
b               = 1.30651          +/- 0.01404      (1.074%)

correlation matrix of the fit parameters:
                m      b      
m               1.000 
b              -0.747  1.000 


*******************************************************************************
Thu May 29 17:16:17 2025


FIT:    data read from 'lambda.dat' using 3:1
        format = x:z
        #datapoints = 5
        residuals are weighted equally (unit weight)

function used for fitting: f(x)
	f(x) = m*x + b
fitted parameters initialized with current variable values

Warning: Initial value of parameter 'm' is zero.
Warning: Initial value of parameter 'b' is zero.
iter      chisq       delta/lim  lambda   m             b            
   0 3.5272999275e+00   0.00e+00  7.07e-01    1.000000e-30   1.000000e-30
   8 1.0033020275e-02  -5.22e-06  7.07e-09   -2.509103e+04   1.307447e+00

After 8 iterations the fit converged.
final sum of squares of residuals : 0.010033
rel. change during last iteration : -5.22259e-11

degrees of freedom    (FIT_NDF)                        : 3
rms of residuals      (FIT_STDFIT) = sqrt(WSSR/ndf)    : 0.0578303
variance of residuals (reduced chisquare) = WSSR/ndf   : 0.00334434

Final set of parameters            Asymptotic Standard Error
=======================            ==========================
m               = -25091           +/- 781.4        (3.114%)
b               = 1.30745          +/- 0.05137      (3.929%)

correlation matrix of the fit parameters:
                m      b      
m               1.000 
b              -0.864  1.000 


*******************************************************************************
Thu May 29 17:17:16 2025


FIT:    data read from 'lambda.dat' using 3:1
        format = x:z
        x range restricted to [0.00000 : 0.00110000]
        #datapoints = 5
        residuals are weighted equally (unit weight)

function used for fitting: f(x)
	f(x) = m*x + b
fitted parameters initialized with current variable values

Warning: Initial value of parameter 'm' is zero.
Warning: Initial value of parameter 'b' is zero.
iter      chisq       delta/lim  lambda   m             b            
   0 3.5272999275e+00   0.00e+00  7.07e-01    1.000000e-30   1.000000e-30
   8 1.0033020275e-02  -5.22e-06  7.07e-09   -2.509103e+04   1.307447e+00

After 8 iterations the fit converged.
final sum of squares of residuals : 0.010033
rel. change during last iteration : -5.22259e-11

degrees of freedom    (FIT_NDF)                        : 3
rms of residuals      (FIT_STDFIT) = sqrt(WSSR/ndf)    : 0.0578303
variance of residuals (reduced chisquare) = WSSR/ndf   : 0.00334434

Final set of parameters            Asymptotic Standard Error
=======================            ==========================
m               = -25091           +/- 781.4        (3.114%)
b               = 1.30745          +/- 0.05137      (3.929%)

correlation matrix of the fit parameters:
                m      b      
m               1.000 
b              -0.864  1.000 


*******************************************************************************
Thu May 29 17:17:26 2025


FIT:    data read from 'lambda.dat' using 3:1
        format = x:z
        x range restricted to [0.00000 : 0.000110000]
        #datapoints = 5
        residuals are weighted equally (unit weight)

function used for fitting: f(x)
	f(x) = m*x + b
fitted parameters initialized with current variable values

Warning: Initial value of parameter 'm' is zero.
Warning: Initial value of parameter 'b' is zero.
iter      chisq       delta/lim  lambda   m             b            
   0 3.5272999275e+00   0.00e+00  7.07e-01    1.000000e-30   1.000000e-30
   8 1.0033020275e-02  -5.22e-06  7.07e-09   -2.509103e+04   1.307447e+00

After 8 iterations the fit converged.
final sum of squares of residuals : 0.010033
rel. change during last iteration : -5.22259e-11

degrees of freedom    (FIT_NDF)                        : 3
rms of residuals      (FIT_STDFIT) = sqrt(WSSR/ndf)    : 0.0578303
variance of residuals (reduced chisquare) = WSSR/ndf   : 0.00334434

Final set of parameters            Asymptotic Standard Error
=======================            ==========================
m               = -25091           +/- 781.4        (3.114%)
b               = 1.30745          +/- 0.05137      (3.929%)

correlation matrix of the fit parameters:
                m      b      
m               1.000 
b              -0.864  1.000 
